{"TenantId":"redacted","TimeGenerated":"2022-05-13T08:54:09.053Z","SourceSystem":"OpsManager","Computer":"WORKSTATION5","EventSourceName":"Microsoft-Windows-Security-Auditing","Channel":"Security","Task":1,"Level":"0","EventData":"\u003cEventData xmlns=\"http://schemas.microsoft.com/win/2004/08/events/event\"\u003e\r\n  \u003cData Name=\"SubjectUserSid\"\u003eS-1-5-19\u003c/Data\u003e\r\n  \u003cData Name=\"SubjectUserName\"\u003eLOCAL SERVICE\u003c/Data\u003e\r\n  \u003cData Name=\"SubjectDomainName\"\u003eNT AUTHORITY\u003c/Data\u003e\r\n  \u003cData Name=\"SubjectLogonId\"\u003e0x3e5\u003c/Data\u003e\r\n  \u003cData Name=\"ObjectServer\"\u003eSecurity\u003c/Data\u003e\r\n  \u003cData Name=\"ObjectType\"\u003eKey\u003c/Data\u003e\r\n  \u003cData Name=\"ObjectName\"\u003e\\REGISTRY\\MACHINE\\SYSTEM\\ControlSet001\\Control\\Lsa\u003c/Data\u003e\r\n  \u003cData Name=\"HandleId\"\u003e0x6a8\u003c/Data\u003e\r\n  \u003cData Name=\"TransactionId\"\u003e{00000000-0000-0000-0000-000000000000}\u003c/Data\u003e\r\n  \u003cData Name=\"AccessList\"\u003e%%4432 \t\t\t\t\u003c/Data\u003e\r\n  \u003cData Name=\"AccessReason\"\u003e-\u003c/Data\u003e\r\n  \u003cData Name=\"AccessMask\"\u003e0x1\u003c/Data\u003e\r\n  \u003cData Name=\"PrivilegeList\"\u003e-\u003c/Data\u003e\r\n  \u003cData Name=\"RestrictedSidCount\"\u003e0\u003c/Data\u003e\r\n  \u003cData Name=\"ProcessId\"\u003e0x824\u003c/Data\u003e\r\n  \u003cData Name=\"ProcessName\"\u003eC:\\Windows\\System32\\WindowsPowerShell\\v1.0\\powershell.exe\u003c/Data\u003e\r\n  \u003cData Name=\"ResourceAttributes\"\u003e-\u003c/Data\u003e\r\n\u003c/EventData\u003e","EventID":4656,"Activity":"4656 - A handle to an object was requested.","SourceComputerId":"29acc230-2f13-49db-9ef2-c9b20229a10d","EventOriginId":"29acc230-2f13-49db-9ef2-c9b20229a10c","MG":"00000000-0000-0000-0000-000000000001","TimeCollected":"2022-05-13T08:54:38.145Z","ManagementGroupName":"AOI-redacted","Type":"SecurityEvent","_ResourceId":"/subscriptions/redacted/resourcegroups/redacted/providers/microsoft.compute/virtualmachines/workstation5"}
{"TenantId":"redacted","TimeGenerated":"2022-05-13T08:54:09.053Z","SourceSystem":"OpsManager","Account":"NT AUTHORITY\\LOCAL SERVICE","AccountType":"Machine","Computer":"WORKSTATION5","EventSourceName":"Microsoft-Windows-Security-Auditing","Channel":"Security","Task":1,"Level":"0","EventData":"\u003cEventData xmlns=\"http://schemas.microsoft.com/win/2004/08/events/event\"\u003e\r\n  \u003cData Name=\"SubjectUserSid\"\u003eS-1-5-19\u003c/Data\u003e\r\n  \u003cData Name=\"SubjectUserName\"\u003eLOCAL SERVICE\u003c/Data\u003e\r\n  \u003cData Name=\"SubjectDomainName\"\u003eNT AUTHORITY\u003c/Data\u003e\r\n  \u003cData Name=\"SubjectLogonId\"\u003e0x3e5\u003c/Data\u003e\r\n  \u003cData Name=\"ObjectServer\"\u003eSecurity\u003c/Data\u003e\r\n  \u003cData Name=\"ObjectType\"\u003eKey\u003c/Data\u003e\r\n  \u003cData Name=\"ObjectName\"\u003e\\REGISTRY\\MACHINE\\SYSTEM\\ControlSet001\\Control\\Lsa\u003c/Data\u003e\r\n  \u003cData Name=\"HandleId\"\u003e0x6a8\u003c/Data\u003e\r\n  \u003cData Name=\"AccessList\"\u003e%%4432 \t\t\t\t\u003c/Data\u003e\r\n  \u003cData Name=\"AccessMask\"\u003e0x1\u003c/Data\u003e\r\n  \u003cData Name=\"ProcessId\"\u003e0x824\u003c/Data\u003e\r\n  \u003cData Name=\"ProcessName\"\u003eC:\\Windows\\System32\\WindowsPowerShell\\v1.0\\powershell.exe\u003c/Data\u003e\r\n  \u003cData Name=\"ResourceAttributes\"\u003e-\u003c/Data\u003e\r\n\u003c/EventData\u003e","EventID":4663,"Activity":"4663 - An attempt was made to access an object.","AccessList":"%%4432 \t\t\t\t","AccessMask":"0x1","HandleId":"0x6a8","ObjectName":"\\REGISTRY\\MACHINE\\SYSTEM\\ControlSet001\\Control\\Lsa","ObjectServer":"Security","ObjectType":"Key","Process":"powershell.exe","ProcessId":"0x824","ProcessName":"C:\\Windows\\System32\\WindowsPowerShell\\v1.0\\powershell.exe","SubjectAccount":"NT AUTHORITY\\LOCAL SERVICE","SubjectDomainName":"NT AUTHORITY","SubjectLogonId":"0x3e5","SubjectUserName":"LOCAL SERVICE","SubjectUserSid":"S-1-5-19","SourceComputerId":"29acc230-2f13-49db-9ef2-c9b20229a10d","EventOriginId":"29acc230-2f13-49db-9ef2-c9b20229a10c","MG":"00000000-0000-0000-0000-000000000001","TimeCollected":"2022-05-13T08:54:38.145Z","ManagementGroupName":"AOI-redacted","Type":"SecurityEvent","_ResourceId":"/subscriptions/redacted/resourcegroups/redacted/providers/microsoft.compute/virtualmachines/workstation5"}
{"TenantId":"redacted","TimeGenerated":"2022-05-13T08:54:09.173Z","SourceSystem":"OpsManager","Computer":"WORKSTATION5","EventSourceName":"Microsoft-Windows-Security-Auditing","Channel":"Security","Task":1,"Level":"0","EventData":"\u003cEventData xmlns=\"http://schemas.microsoft.com/win/2004/08/events/event\"\u003e\r\n  \u003cData Name=\"SubjectUserSid\"\u003eS-1-5-19\u003c/Data\u003e\r\n  \u003cData Name=\"SubjectUserName\"\u003eLOCAL SERVICE\u003c/Data\u003e\r\n  \u003cData Name=\"SubjectDomainName\"\u003eNT AUTHORITY\u003c/Data\u003e\r\n  \u003cData Name=\"SubjectLogonId\"\u003e0x3e5\u003c/Data\u003e\r\n  \u003cData Name=\"ObjectServer\"\u003eSecurity\u003c/Data\u003e\r\n  \u003cData Name=\"ObjectType\"\u003eKey\u003c/Data\u003e\r\n  \u003cData Name=\"ObjectName\"\u003e\\REGISTRY\\MACHINE\\SOFTWARE\\Microsoft\\Windows NT\\CurrentVersion\\Winlogon\u003c/Data\u003e\r\n  \u003cData Name=\"HandleId\"\u003e0x77c\u003c/Data\u003e\r\n  \u003cData Name=\"TransactionId\"\u003e{00000000-0000-0000-0000-000000000000}\u003c/Data\u003e\r\n  \u003cData Name=\"AccessList\"\u003e%%1538 \t\t\t\t%%4432 \t\t\t\t%%4435 \t\t\t\t%%4436 \t\t\t\t\u003c/Data\u003e\r\n  \u003cData Name=\"AccessReason\"\u003e-\u003c/Data\u003e\r\n  \u003cData Name=\"AccessMask\"\u003e0x20019\u003c/Data\u003e\r\n  \u003cData Name=\"PrivilegeList\"\u003e-\u003c/Data\u003e\r\n  \u003cData Name=\"RestrictedSidCount\"\u003e0\u003c/Data\u003e\r\n  \u003cData Name=\"ProcessId\"\u003e0x824\u003c/Data\u003e\r\n  \u003cData Name=\"ProcessName\"\u003eC:\\Windows\\System32\\WindowsPowerShell\\v1.0\\powershell.exe\u003c/Data\u003e\r\n  \u003cData Name=\"ResourceAttributes\"\u003e-\u003c/Data\u003e\r\n\u003c/EventData\u003e","EventID":4656,"Activity":"4656 - A handle to an object was requested.","SourceComputerId":"29acc230-2f13-49db-9ef2-c9b20229a10d","EventOriginId":"29acc230-2f13-49db-9ef2-c9b20229a10c","MG":"00000000-0000-0000-0000-000000000001","TimeCollected":"2022-05-13T08:54:38.145Z","ManagementGroupName":"AOI-redacted","Type":"SecurityEvent","_ResourceId":"/subscriptions/redacted/resourcegroups/redacted/providers/microsoft.compute/virtualmachines/workstation5"}
{"TenantId":"redacted","TimeGenerated":"2022-05-13T08:54:09.173Z","SourceSystem":"OpsManager","Account":"NT AUTHORITY\\LOCAL SERVICE","AccountType":"Machine","Computer":"WORKSTATION5","EventSourceName":"Microsoft-Windows-Security-Auditing","Channel":"Security","Task":1,"Level":"0","EventData":"\u003cEventData xmlns=\"http://schemas.microsoft.com/win/2004/08/events/event\"\u003e\r\n  \u003cData Name=\"SubjectUserSid\"\u003eS-1-5-19\u003c/Data\u003e\r\n  \u003cData Name=\"SubjectUserName\"\u003eLOCAL SERVICE\u003c/Data\u003e\r\n  \u003cData Name=\"SubjectDomainName\"\u003eNT AUTHORITY\u003c/Data\u003e\r\n  \u003cData Name=\"SubjectLogonId\"\u003e0x3e5\u003c/Data\u003e\r\n  \u003cData Name=\"ObjectServer\"\u003eSecurity\u003c/Data\u003e\r\n  \u003cData Name=\"ObjectType\"\u003eKey\u003c/Data\u003e\r\n  \u003cData Name=\"ObjectName\"\u003e\\REGISTRY\\MACHINE\\SOFTWARE\\Microsoft\\Windows NT\\CurrentVersion\\Winlogon\u003c/Data\u003e\r\n  \u003cData Name=\"HandleId\"\u003e0x77c\u003c/Data\u003e\r\n  \u003cData Name=\"AccessList\"\u003e%%4432 \t\t\t\t\u003c/Data\u003e\r\n  \u003cData Name=\"AccessMask\"\u003e0x1\u003c/Data\u003e\r\n  \u003cData Name=\"ProcessId\"\u003e0x824\u003c/Data\u003e\r\n  \u003cData Name=\"ProcessName\"\u003eC:\\Windows\\System32\\WindowsPowerShell\\v1.0\\powershell.exe\u003c/Data\u003e\r\n  \u003cData Name=\"ResourceAttributes\"\u003e-\u003c/Data\u003e\r\n\u003c/EventData\u003e","EventID":4663,"Activity":"4663 - An attempt was made to access an object.","AccessList":"%%4432 \t\t\t\t","AccessMask":"0x1","HandleId":"0x77c","ObjectName":"\\REGISTRY\\MACHINE\\SOFTWARE\\Microsoft\\Windows NT\\CurrentVersion\\Winlogon","ObjectServer":"Security","ObjectType":"Key","Process":"powershell.exe","ProcessId":"0x824","ProcessName":"C:\\Windows\\System32\\WindowsPowerShell\\v1.0\\powershell.exe","SubjectAccount":"NT AUTHORITY\\LOCAL SERVICE","SubjectDomainName":"NT AUTHORITY","SubjectLogonId":"0x3e5","SubjectUserName":"LOCAL SERVICE","SubjectUserSid":"S-1-5-19","SourceComputerId":"29acc230-2f13-49db-9ef2-c9b20229a10d","EventOriginId":"29acc230-2f13-49db-9ef2-c9b20229a10c","MG":"00000000-0000-0000-0000-000000000001","TimeCollected":"2022-05-13T08:54:38.145Z","ManagementGroupName":"AOI-redacted","Type":"SecurityEvent","_ResourceId":"/subscriptions/redacted/resourcegroups/redacted/providers/microsoft.compute/virtualmachines/workstation5"}
{"TenantId":"redacted","TimeGenerated":"2022-05-13T08:54:09.177Z","SourceSystem":"OpsManager","Computer":"WORKSTATION5","EventSourceName":"Microsoft-Windows-Security-Auditing","Channel":"Security","Task":1,"Level":"0","EventData":"\u003cEventData xmlns=\"http://schemas.microsoft.com/win/2004/08/events/event\"\u003e\r\n  \u003cData Name=\"SubjectUserSid\"\u003eS-1-5-19\u003c/Data\u003e\r\n  \u003cData Name=\"SubjectUserName\"\u003eLOCAL SERVICE\u003c/Data\u003e\r\n  \u003cData Name=\"SubjectDomainName\"\u003eNT AUTHORITY\u003c/Data\u003e\r\n  \u003cData Name=\"SubjectLogonId\"\u003e0x3e5\u003c/Data\u003e\r\n  \u003cData Name=\"ObjectServer\"\u003eSecurity\u003c/Data\u003e\r\n  \u003cData Name=\"ObjectType\"\u003eKey\u003c/Data\u003e\r\n  \u003cData Name=\"ObjectName\"\u003e\\REGISTRY\\MACHINE\\SOFTWARE\\Microsoft\\Windows NT\\CurrentVersion\\Winlogon\u003c/Data\u003e\r\n  \u003cData Name=\"HandleId\"\u003e0x798\u003c/Data\u003e\r\n  \u003cData Name=\"TransactionId\"\u003e{00000000-0000-0000-0000-000000000000}\u003c/Data\u003e\r\n  \u003cData Name=\"AccessList\"\u003e%%1538 \t\t\t\t%%4432 \t\t\t\t%%4435 \t\t\t\t%%4436 \t\t\t\t\u003c/Data\u003e\r\n  \u003cData Name=\"AccessReason\"\u003e-\u003c/Data\u003e\r\n  \u003cData Name=\"AccessMask\"\u003e0x20019\u003c/Data\u003e\r\n  \u003cData Name=\"PrivilegeList\"\u003e-\u003c/Data\u003e\r\n  \u003cData Name=\"RestrictedSidCount\"\u003e0\u003c/Data\u003e\r\n  \u003cData Name=\"ProcessId\"\u003e0x824\u003c/Data\u003e\r\n  \u003cData Name=\"ProcessName\"\u003eC:\\Windows\\System32\\WindowsPowerShell\\v1.0\\powershell.exe\u003c/Data\u003e\r\n  \u003cData Name=\"ResourceAttributes\"\u003e-\u003c/Data\u003e\r\n\u003c/EventData\u003e","EventID":4656,"Activity":"4656 - A handle to an object was requested.","SourceComputerId":"29acc230-2f13-49db-9ef2-c9b20229a10d","EventOriginId":"29acc230-2f13-49db-9ef2-c9b20229a10c","MG":"00000000-0000-0000-0000-000000000001","TimeCollected":"2022-05-13T08:54:38.145Z","ManagementGroupName":"AOI-redacted","Type":"SecurityEvent","_ResourceId":"/subscriptions/redacted/resourcegroups/redacted/providers/microsoft.compute/virtualmachines/workstation5"}
{"TenantId":"redacted","TimeGenerated":"2022-05-13T08:54:09.177Z","SourceSystem":"OpsManager","Account":"NT AUTHORITY\\LOCAL SERVICE","AccountType":"Machine","Computer":"WORKSTATION5","EventSourceName":"Microsoft-Windows-Security-Auditing","Channel":"Security","Task":1,"Level":"0","EventData":"\u003cEventData xmlns=\"http://schemas.microsoft.com/win/2004/08/events/event\"\u003e\r\n  \u003cData Name=\"SubjectUserSid\"\u003eS-1-5-19\u003c/Data\u003e\r\n  \u003cData Name=\"SubjectUserName\"\u003eLOCAL SERVICE\u003c/Data\u003e\r\n  \u003cData Name=\"SubjectDomainName\"\u003eNT AUTHORITY\u003c/Data\u003e\r\n  \u003cData Name=\"SubjectLogonId\"\u003e0x3e5\u003c/Data\u003e\r\n  \u003cData Name=\"ObjectServer\"\u003eSecurity\u003c/Data\u003e\r\n  \u003cData Name=\"ObjectType\"\u003eKey\u003c/Data\u003e\r\n  \u003cData Name=\"ObjectName\"\u003e\\REGISTRY\\MACHINE\\SOFTWARE\\Microsoft\\Windows NT\\CurrentVersion\\Winlogon\u003c/Data\u003e\r\n  \u003cData Name=\"HandleId\"\u003e0x798\u003c/Data\u003e\r\n  \u003cData Name=\"AccessList\"\u003e%%4432 \t\t\t\t\u003c/Data\u003e\r\n  \u003cData Name=\"AccessMask\"\u003e0x1\u003c/Data\u003e\r\n  \u003cData Name=\"ProcessId\"\u003e0x824\u003c/Data\u003e\r\n  \u003cData Name=\"ProcessName\"\u003eC:\\Windows\\System32\\WindowsPowerShell\\v1.0\\powershell.exe\u003c/Data\u003e\r\n  \u003cData Name=\"ResourceAttributes\"\u003e-\u003c/Data\u003e\r\n\u003c/EventData\u003e","EventID":4663,"Activity":"4663 - An attempt was made to access an object.","AccessList":"%%4432 \t\t\t\t","AccessMask":"0x1","HandleId":"0x798","ObjectName":"\\REGISTRY\\MACHINE\\SOFTWARE\\Microsoft\\Windows NT\\CurrentVersion\\Winlogon","ObjectServer":"Security","ObjectType":"Key","Process":"powershell.exe","ProcessId":"0x824","ProcessName":"C:\\Windows\\System32\\WindowsPowerShell\\v1.0\\powershell.exe","SubjectAccount":"NT AUTHORITY\\LOCAL SERVICE","SubjectDomainName":"NT AUTHORITY","SubjectLogonId":"0x3e5","SubjectUserName":"LOCAL SERVICE","SubjectUserSid":"S-1-5-19","SourceComputerId":"29acc230-2f13-49db-9ef2-c9b20229a10d","EventOriginId":"29acc230-2f13-49db-9ef2-c9b20229a10c","MG":"00000000-0000-0000-0000-000000000001","TimeCollected":"2022-05-13T08:54:38.145Z","ManagementGroupName":"AOI-redacted","Type":"SecurityEvent","_ResourceId":"/subscriptions/redacted/resourcegroups/redacted/providers/microsoft.compute/virtualmachines/workstation5"}
{"TenantId":"redacted","TimeGenerated":"2022-05-13T08:54:09.177Z","SourceSystem":"OpsManager","Computer":"WORKSTATION5","EventSourceName":"Microsoft-Windows-Security-Auditing","Channel":"Security","Task":1,"Level":"0","EventData":"\u003cEventData xmlns=\"http://schemas.microsoft.com/win/2004/08/events/event\"\u003e\r\n  \u003cData Name=\"SubjectUserSid\"\u003eS-1-5-19\u003c/Data\u003e\r\n  \u003cData Name=\"SubjectUserName\"\u003eLOCAL SERVICE\u003c/Data\u003e\r\n  \u003cData Name=\"SubjectDomainName\"\u003eNT AUTHORITY\u003c/Data\u003e\r\n  \u003cData Name=\"SubjectLogonId\"\u003e0x3e5\u003c/Data\u003e\r\n  \u003cData Name=\"ObjectServer\"\u003eSecurity\u003c/Data\u003e\r\n  \u003cData Name=\"ObjectType\"\u003eKey\u003c/Data\u003e\r\n  \u003cData Name=\"ObjectName\"\u003e\\REGISTRY\\MACHINE\\SOFTWARE\\Microsoft\\Windows NT\\CurrentVersion\\Winlogon\u003c/Data\u003e\r\n  \u003cData Name=\"HandleId\"\u003e0x790\u003c/Data\u003e\r\n  \u003cData Name=\"TransactionId\"\u003e{00000000-0000-0000-0000-000000000000}\u003c/Data\u003e\r\n  \u003cData Name=\"AccessList\"\u003e%%1538 \t\t\t\t%%4432 \t\t\t\t%%4435 \t\t\t\t%%4436 \t\t\t\t\u003c/Data\u003e\r\n  \u003cData Name=\"AccessReason\"\u003e-\u003c/Data\u003e\r\n  \u003cData Name=\"AccessMask\"\u003e0x20019\u003c/Data\u003e\r\n  \u003cData Name=\"PrivilegeList\"\u003e-\u003c/Data\u003e\r\n  \u003cData Name=\"RestrictedSidCount\"\u003e0\u003c/Data\u003e\r\n  \u003cData Name=\"ProcessId\"\u003e0x824\u003c/Data\u003e\r\n  \u003cData Name=\"ProcessName\"\u003eC:\\Windows\\System32\\WindowsPowerShell\\v1.0\\powershell.exe\u003c/Data\u003e\r\n  \u003cData Name=\"ResourceAttributes\"\u003e-\u003c/Data\u003e\r\n\u003c/EventData\u003e","EventID":4656,"Activity":"4656 - A handle to an object was requested.","SourceComputerId":"29acc230-2f13-49db-9ef2-c9b20229a10d","EventOriginId":"29acc230-2f13-49db-9ef2-c9b20229a10c","MG":"00000000-0000-0000-0000-000000000001","TimeCollected":"2022-05-13T08:54:38.145Z","ManagementGroupName":"AOI-redacted","Type":"SecurityEvent","_ResourceId":"/subscriptions/redacted/resourcegroups/redacted/providers/microsoft.compute/virtualmachines/workstation5"}
{"TenantId":"redacted","TimeGenerated":"2022-05-13T08:54:09.177Z","SourceSystem":"OpsManager","Account":"NT AUTHORITY\\LOCAL SERVICE","AccountType":"Machine","Computer":"WORKSTATION5","EventSourceName":"Microsoft-Windows-Security-Auditing","Channel":"Security","Task":1,"Level":"0","EventData":"\u003cEventData xmlns=\"http://schemas.microsoft.com/win/2004/08/events/event\"\u003e\r\n  \u003cData Name=\"SubjectUserSid\"\u003eS-1-5-19\u003c/Data\u003e\r\n  \u003cData Name=\"SubjectUserName\"\u003eLOCAL SERVICE\u003c/Data\u003e\r\n  \u003cData Name=\"SubjectDomainName\"\u003eNT AUTHORITY\u003c/Data\u003e\r\n  \u003cData Name=\"SubjectLogonId\"\u003e0x3e5\u003c/Data\u003e\r\n  \u003cData Name=\"ObjectServer\"\u003eSecurity\u003c/Data\u003e\r\n  \u003cData Name=\"ObjectType\"\u003eKey\u003c/Data\u003e\r\n  \u003cData Name=\"ObjectName\"\u003e\\REGISTRY\\MACHINE\\SOFTWARE\\Microsoft\\Windows NT\\CurrentVersion\\Winlogon\u003c/Data\u003e\r\n  \u003cData Name=\"HandleId\"\u003e0x790\u003c/Data\u003e\r\n  \u003cData Name=\"AccessList\"\u003e%%4432 \t\t\t\t\u003c/Data\u003e\r\n  \u003cData Name=\"AccessMask\"\u003e0x1\u003c/Data\u003e\r\n  \u003cData Name=\"ProcessId\"\u003e0x824\u003c/Data\u003e\r\n  \u003cData Name=\"ProcessName\"\u003eC:\\Windows\\System32\\WindowsPowerShell\\v1.0\\powershell.exe\u003c/Data\u003e\r\n  \u003cData Name=\"ResourceAttributes\"\u003e-\u003c/Data\u003e\r\n\u003c/EventData\u003e","EventID":4663,"Activity":"4663 - An attempt was made to access an object.","AccessList":"%%4432 \t\t\t\t","AccessMask":"0x1","HandleId":"0x790","ObjectName":"\\REGISTRY\\MACHINE\\SOFTWARE\\Microsoft\\Windows NT\\CurrentVersion\\Winlogon","ObjectServer":"Security","ObjectType":"Key","Process":"powershell.exe","ProcessId":"0x824","ProcessName":"C:\\Windows\\System32\\WindowsPowerShell\\v1.0\\powershell.exe","SubjectAccount":"NT AUTHORITY\\LOCAL SERVICE","SubjectDomainName":"NT AUTHORITY","SubjectLogonId":"0x3e5","SubjectUserName":"LOCAL SERVICE","SubjectUserSid":"S-1-5-19","SourceComputerId":"29acc230-2f13-49db-9ef2-c9b20229a10d","EventOriginId":"29acc230-2f13-49db-9ef2-c9b20229a10c","MG":"00000000-0000-0000-0000-000000000001","TimeCollected":"2022-05-13T08:54:38.145Z","ManagementGroupName":"AOI-redacted","Type":"SecurityEvent","_ResourceId":"/subscriptions/redacted/resourcegroups/redacted/providers/microsoft.compute/virtualmachines/workstation5"}
{"TenantId":"redacted","TimeGenerated":"2022-05-13T08:54:09.477Z","SourceSystem":"OpsManager","Computer":"WORKSTATION5","EventSourceName":"Microsoft-Windows-Security-Auditing","Channel":"Security","Task":1,"Level":"0","EventData":"\u003cEventData xmlns=\"http://schemas.microsoft.com/win/2004/08/events/event\"\u003e\r\n  \u003cData Name=\"ProcessId\"\u003e2084\u003c/Data\u003e\r\n  \u003cData Name=\"Application\"\u003e\\device\\harddiskvolume2\\windows\\system32\\windowspowershell\\v1.0\\powershell.exe\u003c/Data\u003e\r\n  \u003cData Name=\"SourceAddress\"\u003e0.0.0.0\u003c/Data\u003e\r\n  \u003cData Name=\"SourcePort\"\u003e54226\u003c/Data\u003e\r\n  \u003cData Name=\"Protocol\"\u003e6\u003c/Data\u003e\r\n  \u003cData Name=\"FilterRTID\"\u003e0\u003c/Data\u003e\r\n  \u003cData Name=\"LayerName\"\u003e%%14608\u003c/Data\u003e\r\n  \u003cData Name=\"LayerRTID\"\u003e36\u003c/Data\u003e\r\n\u003c/EventData\u003e","EventID":5158,"Activity":"5158 - The Windows Filtering Platform has permitted a bind to a local port.","SourceComputerId":"29acc230-2f13-49db-9ef2-c9b20229a10d","EventOriginId":"29acc230-2f13-49db-9ef2-c9b20229a10c","MG":"00000000-0000-0000-0000-000000000001","TimeCollected":"2022-05-13T08:54:38.145Z","ManagementGroupName":"AOI-redacted","Type":"SecurityEvent","_ResourceId":"/subscriptions/redacted/resourcegroups/redacted/providers/microsoft.compute/virtualmachines/workstation5"}
{"TenantId":"redacted","TimeGenerated":"2022-05-13T08:54:09.477Z","SourceSystem":"OpsManager","Computer":"WORKSTATION5","EventSourceName":"Microsoft-Windows-Security-Auditing","Channel":"Security","Task":1,"Level":"0","EventData":"\u003cEventData xmlns=\"http://schemas.microsoft.com/win/2004/08/events/event\"\u003e\r\n  \u003cData Name=\"ProcessID\"\u003e2084\u003c/Data\u003e\r\n  \u003cData Name=\"Application\"\u003e\\device\\harddiskvolume2\\windows\\system32\\windowspowershell\\v1.0\\powershell.exe\u003c/Data\u003e\r\n  \u003cData Name=\"Direction\"\u003e%%14593\u003c/Data\u003e\r\n  \u003cData Name=\"SourceAddress\"\u003e192.168.2.5\u003c/Data\u003e\r\n  \u003cData Name=\"SourcePort\"\u003e54226\u003c/Data\u003e\r\n  \u003cData Name=\"DestAddress\"\u003e192.168.3.5\u003c/Data\u003e\r\n  \u003cData Name=\"DestPort\"\u003e443\u003c/Data\u003e\r\n  \u003cData Name=\"Protocol\"\u003e6\u003c/Data\u003e\r\n  \u003cData Name=\"FilterRTID\"\u003e69359\u003c/Data\u003e\r\n  \u003cData Name=\"LayerName\"\u003e%%14611\u003c/Data\u003e\r\n  \u003cData Name=\"LayerRTID\"\u003e48\u003c/Data\u003e\r\n  \u003cData Name=\"RemoteUserID\"\u003eS-1-0-0\u003c/Data\u003e\r\n  \u003cData Name=\"RemoteMachineID\"\u003eS-1-0-0\u003c/Data\u003e\r\n\u003c/EventData\u003e","EventID":5156,"Activity":"5156 - The Windows Filtering Platform has allowed a connection.","SourceComputerId":"29acc230-2f13-49db-9ef2-c9b20229a10d","EventOriginId":"29acc230-2f13-49db-9ef2-c9b20229a10c","MG":"00000000-0000-0000-0000-000000000001","TimeCollected":"2022-05-13T08:54:38.145Z","ManagementGroupName":"AOI-redacted","Type":"SecurityEvent","_ResourceId":"/subscriptions/redacted/resourcegroups/redacted/providers/microsoft.compute/virtualmachines/workstation5"}
{"TenantId":"redacted","TimeGenerated":"2022-05-13T08:54:10.61Z","SourceSystem":"OpsManager","Account":"WORKGROUP\\WORKSTATION5$","AccountType":"Machine","Computer":"WORKSTATION5","EventSourceName":"Microsoft-Windows-Security-Auditing","Channel":"Security","Task":1,"Level":"0","EventData":"\u003cEventData xmlns=\"http://schemas.microsoft.com/win/2004/08/events/event\"\u003e\r\n  \u003cData Name=\"SubjectUserSid\"\u003eS-1-5-18\u003c/Data\u003e\r\n  \u003cData Name=\"SubjectUserName\"\u003eWORKSTATION5$\u003c/Data\u003e\r\n  \u003cData Name=\"SubjectDomainName\"\u003eWORKGROUP\u003c/Data\u003e\r\n  \u003cData Name=\"SubjectLogonId\"\u003e0x3e7\u003c/Data\u003e\r\n  \u003cData Name=\"ObjectServer\"\u003eSecurity\u003c/Data\u003e\r\n  \u003cData Name=\"ObjectType\"\u003eToken\u003c/Data\u003e\r\n  \u003cData Name=\"ObjectName\"\u003e-\u003c/Data\u003e\r\n  \u003cData Name=\"HandleId\"\u003e0xab4\u003c/Data\u003e\r\n  \u003cData Name=\"OldSd\"\u003eD:(A;;GA;;;SY)(A;;GA;;;NS)\u003c/Data\u003e\r\n  \u003cData Name=\"NewSd\"\u003eD:(A;;GA;;;SY)(A;;RC;;;OW)(A;;GA;;;S-1-5-86-615999462-62705297-2911207457-59056572-3668589837)\u003c/Data\u003e\r\n  \u003cData Name=\"ProcessId\"\u003e0xc4c\u003c/Data\u003e\r\n  \u003cData Name=\"ProcessName\"\u003eC:\\Windows\\System32\\svchost.exe\u003c/Data\u003e\r\n\u003c/EventData\u003e","EventID":4670,"Activity":"4670 - Permissions on an object were changed.","HandleId":"0xab4","ObjectName":"-","ObjectServer":"Security","ObjectType":"Token","Process":"svchost.exe","ProcessId":"0xc4c","ProcessName":"C:\\Windows\\System32\\svchost.exe","SubjectAccount":"WORKGROUP\\WORKSTATION5$","SubjectDomainName":"WORKGROUP","SubjectLogonId":"0x3e7","SubjectUserName":"WORKSTATION5$","SubjectUserSid":"S-1-5-18","SourceComputerId":"29acc230-2f13-49db-9ef2-c9b20229a10d","EventOriginId":"29acc230-2f13-49db-9ef2-c9b20229a10c","MG":"00000000-0000-0000-0000-000000000001","TimeCollected":"2022-05-13T08:54:38.145Z","ManagementGroupName":"AOI-redacted","Type":"SecurityEvent","_ResourceId":"/subscriptions/redacted/resourcegroups/redacted/providers/microsoft.compute/virtualmachines/workstation5"}
{"TenantId":"redacted","TimeGenerated":"2022-05-13T08:54:10.61Z","SourceSystem":"OpsManager","Account":"WORKGROUP\\WORKSTATION5$","AccountType":"Machine","Computer":"WORKSTATION5","EventSourceName":"Microsoft-Windows-Security-Auditing","Channel":"Security","Task":1,"Level":"0","EventData":"\u003cEventData xmlns=\"http://schemas.microsoft.com/win/2004/08/events/event\"\u003e\r\n  \u003cData Name=\"SubjectUserSid\"\u003eS-1-5-18\u003c/Data\u003e\r\n  \u003cData Name=\"SubjectUserName\"\u003eWORKSTATION5$\u003c/Data\u003e\r\n  \u003cData Name=\"SubjectDomainName\"\u003eWORKGROUP\u003c/Data\u003e\r\n  \u003cData Name=\"SubjectLogonId\"\u003e0x3e7\u003c/Data\u003e\r\n  \u003cData Name=\"ObjectServer\"\u003eSecurity\u003c/Data\u003e\r\n  \u003cData Name=\"ObjectType\"\u003eToken\u003c/Data\u003e\r\n  \u003cData Name=\"ObjectName\"\u003e-\u003c/Data\u003e\r\n  \u003cData Name=\"HandleId\"\u003e0xab4\u003c/Data\u003e\r\n  \u003cData Name=\"OldSd\"\u003eD:(A;;GA;;;SY)(A;;GA;;;NS)\u003c/Data\u003e\r\n  \u003cData Name=\"NewSd\"\u003eD:(A;;GA;;;SY)(A;;RC;;;OW)(A;;GA;;;S-1-5-86-615999462-62705297-2911207457-59056572-3668589837)\u003c/Data\u003e\r\n  \u003cData Name=\"ProcessId\"\u003e0xc4c\u003c/Data\u003e\r\n  \u003cData Name=\"ProcessName\"\u003eC:\\Windows\\System32\\svchost.exe\u003c/Data\u003e\r\n\u003c/EventData\u003e","EventID":4670,"Activity":"4670 - Permissions on an object were changed.","HandleId":"0xab4","ObjectName":"-","ObjectServer":"Security","ObjectType":"Token","Process":"svchost.exe","ProcessId":"0xc4c","ProcessName":"C:\\Windows\\System32\\svchost.exe","SubjectAccount":"WORKGROUP\\WORKSTATION5$","SubjectDomainName":"WORKGROUP","SubjectLogonId":"0x3e7","SubjectUserName":"WORKSTATION5$","SubjectUserSid":"S-1-5-18","SourceComputerId":"29acc230-2f13-49db-9ef2-c9b20229a10d","EventOriginId":"29acc230-2f13-49db-9ef2-c9b20229a10c","MG":"00000000-0000-0000-0000-000000000001","TimeCollected":"2022-05-13T08:54:38.145Z","ManagementGroupName":"AOI-redacted","Type":"SecurityEvent","_ResourceId":"/subscriptions/redacted/resourcegroups/redacted/providers/microsoft.compute/virtualmachines/workstation5"}
{"TenantId":"redacted","TimeGenerated":"2022-05-13T08:54:11.657Z","SourceSystem":"OpsManager","Computer":"WORKSTATION5","EventSourceName":"Microsoft-Windows-Security-Auditing","Channel":"Security","Task":1,"Level":"0","EventData":"\u003cEventData xmlns=\"http://schemas.microsoft.com/win/2004/08/events/event\"\u003e\r\n  \u003cData Name=\"ProcessId\"\u003e2584\u003c/Data\u003e\r\n  \u003cData Name=\"Application\"\u003e\\device\\harddiskvolume2\\windows\\system32\\svchost.exe\u003c/Data\u003e\r\n  \u003cData Name=\"SourceAddress\"\u003e::\u003c/Data\u003e\r\n  \u003cData Name=\"SourcePort\"\u003e51277\u003c/Data\u003e\r\n  \u003cData Name=\"Protocol\"\u003e17\u003c/Data\u003e\r\n  \u003cData Name=\"FilterRTID\"\u003e0\u003c/Data\u003e\r\n  \u003cData Name=\"LayerName\"\u003e%%14608\u003c/Data\u003e\r\n  \u003cData Name=\"LayerRTID\"\u003e36\u003c/Data\u003e\r\n\u003c/EventData\u003e","EventID":5158,"Activity":"5158 - The Windows Filtering Platform has permitted a bind to a local port.","SourceComputerId":"29acc230-2f13-49db-9ef2-c9b20229a10d","EventOriginId":"29acc230-2f13-49db-9ef2-c9b20229a10c","MG":"00000000-0000-0000-0000-000000000001","TimeCollected":"2022-05-13T08:54:38.145Z","ManagementGroupName":"AOI-redacted","Type":"SecurityEvent","_ResourceId":"/subscriptions/redacted/resourcegroups/redacted/providers/microsoft.compute/virtualmachines/workstation5"}
{"TenantId":"redacted","TimeGenerated":"2022-05-13T08:54:11.657Z","SourceSystem":"OpsManager","Computer":"WORKSTATION5","EventSourceName":"Microsoft-Windows-Security-Auditing","Channel":"Security","Task":1,"Level":"0","EventData":"\u003cEventData xmlns=\"http://schemas.microsoft.com/win/2004/08/events/event\"\u003e\r\n  \u003cData Name=\"ProcessId\"\u003e2584\u003c/Data\u003e\r\n  \u003cData Name=\"Application\"\u003e\\device\\harddiskvolume2\\windows\\system32\\svchost.exe\u003c/Data\u003e\r\n  \u003cData Name=\"SourceAddress\"\u003e::\u003c/Data\u003e\r\n  \u003cData Name=\"SourcePort\"\u003e51277\u003c/Data\u003e\r\n  \u003cData Name=\"Protocol\"\u003e17\u003c/Data\u003e\r\n  \u003cData Name=\"FilterRTID\"\u003e0\u003c/Data\u003e\r\n  \u003cData Name=\"LayerName\"\u003e%%14608\u003c/Data\u003e\r\n  \u003cData Name=\"LayerRTID\"\u003e38\u003c/Data\u003e\r\n\u003c/EventData\u003e","EventID":5158,"Activity":"5158 - The Windows Filtering Platform has permitted a bind to a local port.","SourceComputerId":"29acc230-2f13-49db-9ef2-c9b20229a10d","EventOriginId":"29acc230-2f13-49db-9ef2-c9b20229a10c","MG":"00000000-0000-0000-0000-000000000001","TimeCollected":"2022-05-13T08:54:38.145Z","ManagementGroupName":"AOI-redacted","Type":"SecurityEvent","_ResourceId":"/subscriptions/redacted/resourcegroups/redacted/providers/microsoft.compute/virtualmachines/workstation5"}
