[{"EventTime":"2020-05-01 22:55:23","port":60737,"Message":"Process accessed:\r\nRuleName: -\r\nUtcTime: 2020-05-02 02:55:23.551\r\nSourceProcessGUID: {6bbf237a-cafb-5eac-1000-000000000400}\r\nSourceProcessId: 900\r\nSourceThreadId: 504\r\nSourceImage: C:\\windows\\system32\\svchost.exe\r\nTargetProcessGUID: {6bbf237a-cb97-5eac-6202-000000000400}\r\nTargetProcessId: 2092\r\nTargetImage: C:\\windows\\System32\\svchost.exe\r\nGrantedAccess: 0x1000\r\nCallTrace: C:\\windows\\SYSTEM32\\ntdll.dll+9c584|C:\\windows\\SYSTEM32\\psmserviceexthost.dll+222a3|C:\\windows\\SYSTEM32\\psmserviceexthost.dll+1a172|C:\\windows\\SYSTEM32\\psmserviceexthost.dll+19e3b|C:\\windows\\SYSTEM32\\psmserviceexthost.dll+19318|C:\\windows\\SYSTEM32\\ntdll.dll+3089d|C:\\windows\\SYSTEM32\\ntdll.dll+34634|C:\\windows\\System32\\KERNEL32.DLL+17bd4|C:\\windows\\SYSTEM32\\ntdll.dll+6ced1","SourceThreadId":"504","EventID":10,"TargetProcessId":"2092","SourceModuleName":"eventlog","tags":["mordorDataset"],"@version":"1","SourceImage":"C:\\windows\\system32\\svchost.exe","SourceName":"Microsoft-Windows-Sysmon","AccountType":"User","TargetImage":"C:\\windows\\System32\\svchost.exe","host":"wec.internal.cloudapp.net","Task":10,"ThreadID":4396,"EventReceivedTime":"2020-05-01 22:55:26","CallTrace":"C:\\windows\\SYSTEM32\\ntdll.dll+9c584|C:\\windows\\SYSTEM32\\psmserviceexthost.dll+222a3|C:\\windows\\SYSTEM32\\psmserviceexthost.dll+1a172|C:\\windows\\SYSTEM32\\psmserviceexthost.dll+19e3b|C:\\windows\\SYSTEM32\\psmserviceexthost.dll+19318|C:\\windows\\SYSTEM32\\ntdll.dll+3089d|C:\\windows\\SYSTEM32\\ntdll.dll+34634|C:\\windows\\System32\\KERNEL32.DLL+17bd4|C:\\windows\\SYSTEM32\\ntdll.dll+6ced1","Domain":"NT AUTHORITY","UtcTime":"2020-05-02 02:55:23.551","Keywords":-9223372036854775808,"RecordNumber":138294,"SourceProcessId":"900","SourceModuleType":"im_msvistalog","@timestamp":"2020-05-02T02:55:26.493Z","SeverityValue":2,"Version":3,"OpcodeValue":0,"Severity":"INFO","Channel":"Microsoft-Windows-Sysmon/Operational","AccountName":"SYSTEM","GrantedAccess":"0x1000","SourceProcessGUID":"{6bbf237a-cafb-5eac-1000-000000000400}","EventType":"INFO","UserID":"S-1-5-18","TargetProcessGUID":"{6bbf237a-cb97-5eac-6202-000000000400}","ProcessId":"900","Hostname":"UTICA.dmevals.local","RuleName":"-","ExecutionProcessID":3496,"ProviderGuid":"{5770385F-C22A-43E0-BF4C-06F5698FFBD9}"},
{"EventTime":"2020-05-01 22:55:23","port":60737,"Message":"Process accessed:\r\nRuleName: -\r\nUtcTime: 2020-05-02 02:55:23.551\r\nSourceProcessGUID: {6bbf237a-cafb-5eac-1000-000000000400}\r\nSourceProcessId: 900\r\nSourceThreadId: 504\r\nSourceImage: C:\\windows\\system32\\svchost.exe\r\nTargetProcessGUID: {6bbf237a-cb97-5eac-6202-000000000400}\r\nTargetProcessId: 2092\r\nTargetImage: C:\\windows\\System32\\svchost.exe\r\nGrantedAccess: 0x1000\r\nCallTrace: C:\\windows\\SYSTEM32\\ntdll.dll+9c584|C:\\windows\\SYSTEM32\\psmserviceexthost.dll+222a3|C:\\windows\\SYSTEM32\\psmserviceexthost.dll+1a172|C:\\windows\\SYSTEM32\\psmserviceexthost.dll+19e3b|C:\\windows\\SYSTEM32\\psmserviceexthost.dll+19318|C:\\windows\\SYSTEM32\\ntdll.dll+3089d|C:\\windows\\SYSTEM32\\ntdll.dll+34634|C:\\windows\\System32\\KERNEL32.DLL+17bd4|C:\\windows\\SYSTEM32\\ntdll.dll+6ced1","SourceThreadId":"504","EventID":10,"TargetProcessId":"2092","SourceModuleName":"eventlog","tags":["mordorDataset"],"@version":"1","SourceImage":"C:\\windows\\system32\\svchost.exe","SourceName":"Microsoft-Windows-Sysmon","AccountType":"User","TargetImage":"C:\\windows\\System32\\svchost.exe","host":"wec.internal.cloudapp.net","Task":10,"ThreadID":4396,"EventReceivedTime":"2020-05-01 22:55:26","CallTrace":"C:\\windows\\SYSTEM32\\ntdll.dll+9c584|C:\\windows\\SYSTEM32\\psmserviceexthost.dll+222a3|C:\\windows\\SYSTEM32\\psmserviceexthost.dll+1a172|C:\\windows\\SYSTEM32\\psmserviceexthost.dll+19e3b|C:\\windows\\SYSTEM32\\psmserviceexthost.dll+19318|C:\\windows\\SYSTEM32\\ntdll.dll+3089d|C:\\windows\\SYSTEM32\\ntdll.dll+34634|C:\\windows\\System32\\KERNEL32.DLL+17bd4|C:\\windows\\SYSTEM32\\ntdll.dll+6ced1","Domain":"NT AUTHORITY","UtcTime":"2020-05-02 02:55:23.551","Keywords":-9223372036854775808,"RecordNumber":138295,"SourceProcessId":"900","SourceModuleType":"im_msvistalog","@timestamp":"2020-05-02T02:55:26.493Z","SeverityValue":2,"Version":3,"OpcodeValue":0,"Severity":"INFO","Channel":"Microsoft-Windows-Sysmon/Operational","AccountName":"SYSTEM","GrantedAccess":"0x1000","SourceProcessGUID":"{6bbf237a-cafb-5eac-1000-000000000400}","EventType":"INFO","UserID":"S-1-5-18","TargetProcessGUID":"{6bbf237a-cb97-5eac-6202-000000000400}","ProcessId":"900","Hostname":"UTICA.dmevals.local","RuleName":"-","ExecutionProcessID":3496,"ProviderGuid":"{5770385F-C22A-43E0-BF4C-06F5698FFBD9}"},
{"EventTime":"2020-05-01 22:55:23","port":60737,"Message":"Process accessed:\r\nRuleName: -\r\nUtcTime: 2020-05-02 02:55:23.551\r\nSourceProcessGUID: {6bbf237a-cafb-5eac-1000-000000000400}\r\nSourceProcessId: 900\r\nSourceThreadId: 972\r\nSourceImage: C:\\windows\\system32\\svchost.exe\r\nTargetProcessGUID: {6bbf237a-cb97-5eac-6202-000000000400}\r\nTargetProcessId: 2092\r\nTargetImage: C:\\windows\\System32\\svchost.exe\r\nGrantedAccess: 0x1000\r\nCallTrace: C:\\windows\\SYSTEM32\\ntdll.dll+9c584|C:\\windows\\SYSTEM32\\psmserviceexthost.dll+222a3|C:\\windows\\SYSTEM32\\psmserviceexthost.dll+1a172|C:\\windows\\SYSTEM32\\psmserviceexthost.dll+19e3b|C:\\windows\\SYSTEM32\\psmserviceexthost.dll+19318|C:\\windows\\SYSTEM32\\ntdll.dll+3089d|C:\\windows\\SYSTEM32\\ntdll.dll+34634|C:\\windows\\System32\\KERNEL32.DLL+17bd4|C:\\windows\\SYSTEM32\\ntdll.dll+6ced1","SourceThreadId":"972","EventID":10,"TargetProcessId":"2092","SourceModuleName":"eventlog","tags":["mordorDataset"],"@version":"1","SourceImage":"C:\\windows\\system32\\svchost.exe","SourceName":"Microsoft-Windows-Sysmon","AccountType":"User","TargetImage":"C:\\windows\\System32\\svchost.exe","host":"wec.internal.cloudapp.net","Task":10,"ThreadID":4396,"EventReceivedTime":"2020-05-01 22:55:26","CallTrace":"C:\\windows\\SYSTEM32\\ntdll.dll+9c584|C:\\windows\\SYSTEM32\\psmserviceexthost.dll+222a3|C:\\windows\\SYSTEM32\\psmserviceexthost.dll+1a172|C:\\windows\\SYSTEM32\\psmserviceexthost.dll+19e3b|C:\\windows\\SYSTEM32\\psmserviceexthost.dll+19318|C:\\windows\\SYSTEM32\\ntdll.dll+3089d|C:\\windows\\SYSTEM32\\ntdll.dll+34634|C:\\windows\\System32\\KERNEL32.DLL+17bd4|C:\\windows\\SYSTEM32\\ntdll.dll+6ced1","Domain":"NT AUTHORITY","UtcTime":"2020-05-02 02:55:23.551","Keywords":-9223372036854775808,"RecordNumber":138296,"SourceProcessId":"900","SourceModuleType":"im_msvistalog","@timestamp":"2020-05-02T02:55:26.493Z","SeverityValue":2,"Version":3,"OpcodeValue":0,"Severity":"INFO","Channel":"Microsoft-Windows-Sysmon/Operational","AccountName":"SYSTEM","GrantedAccess":"0x1000","SourceProcessGUID":"{6bbf237a-cafb-5eac-1000-000000000400}","EventType":"INFO","UserID":"S-1-5-18","TargetProcessGUID":"{6bbf237a-cb97-5eac-6202-000000000400}","ProcessId":"900","Hostname":"UTICA.dmevals.local","RuleName":"-","ExecutionProcessID":3496,"ProviderGuid":"{5770385F-C22A-43E0-BF4C-06F5698FFBD9}"},
{"EventTime":"2020-05-01 22:55:23","port":60737,"Message":"Process accessed:\r\nRuleName: -\r\nUtcTime: 2020-05-02 02:55:23.567\r\nSourceProcessGUID: {6bbf237a-cafb-5eac-1000-000000000400}\r\nSourceProcessId: 900\r\nSourceThreadId: 972\r\nSourceImage: C:\\windows\\system32\\svchost.exe\r\nTargetProcessGUID: {6bbf237a-cb97-5eac-6202-000000000400}\r\nTargetProcessId: 2092\r\nTargetImage: C:\\windows\\System32\\svchost.exe\r\nGrantedAccess: 0x1000\r\nCallTrace: C:\\windows\\SYSTEM32\\ntdll.dll+9c584|C:\\windows\\SYSTEM32\\psmserviceexthost.dll+222a3|C:\\windows\\SYSTEM32\\psmserviceexthost.dll+1a172|C:\\windows\\SYSTEM32\\psmserviceexthost.dll+19e3b|C:\\windows\\SYSTEM32\\psmserviceexthost.dll+19318|C:\\windows\\SYSTEM32\\ntdll.dll+3089d|C:\\windows\\SYSTEM32\\ntdll.dll+34634|C:\\windows\\System32\\KERNEL32.DLL+17bd4|C:\\windows\\SYSTEM32\\ntdll.dll+6ced1","SourceThreadId":"972","EventID":10,"TargetProcessId":"2092","SourceModuleName":"eventlog","tags":["mordorDataset"],"@version":"1","SourceImage":"C:\\windows\\system32\\svchost.exe","SourceName":"Microsoft-Windows-Sysmon","AccountType":"User","TargetImage":"C:\\windows\\System32\\svchost.exe","host":"wec.internal.cloudapp.net","Task":10,"ThreadID":4396,"EventReceivedTime":"2020-05-01 22:55:26","CallTrace":"C:\\windows\\SYSTEM32\\ntdll.dll+9c584|C:\\windows\\SYSTEM32\\psmserviceexthost.dll+222a3|C:\\windows\\SYSTEM32\\psmserviceexthost.dll+1a172|C:\\windows\\SYSTEM32\\psmserviceexthost.dll+19e3b|C:\\windows\\SYSTEM32\\psmserviceexthost.dll+19318|C:\\windows\\SYSTEM32\\ntdll.dll+3089d|C:\\windows\\SYSTEM32\\ntdll.dll+34634|C:\\windows\\System32\\KERNEL32.DLL+17bd4|C:\\windows\\SYSTEM32\\ntdll.dll+6ced1","Domain":"NT AUTHORITY","UtcTime":"2020-05-02 02:55:23.567","Keywords":-9223372036854775808,"RecordNumber":138297,"SourceProcessId":"900","SourceModuleType":"im_msvistalog","@timestamp":"2020-05-02T02:55:26.494Z","SeverityValue":2,"Version":3,"OpcodeValue":0,"Severity":"INFO","Channel":"Microsoft-Windows-Sysmon/Operational","AccountName":"SYSTEM","GrantedAccess":"0x1000","SourceProcessGUID":"{6bbf237a-cafb-5eac-1000-000000000400}","EventType":"INFO","UserID":"S-1-5-18","TargetProcessGUID":"{6bbf237a-cb97-5eac-6202-000000000400}","ProcessId":"900","Hostname":"UTICA.dmevals.local","RuleName":"-","ExecutionProcessID":3496,"ProviderGuid":"{5770385F-C22A-43E0-BF4C-06F5698FFBD9}"},
{"EventTime":"2020-05-01 22:55:24","port":60737,"Message":"Process accessed:\r\nRuleName: -\r\nUtcTime: 2020-05-02 02:55:24.215\r\nSourceProcessGUID: {5aa8ec29-cad8-5eac-1000-000000000400}\r\nSourceProcessId: 884\r\nSourceThreadId: 5792\r\nSourceImage: C:\\windows\\system32\\svchost.exe\r\nTargetProcessGUID: {5aa8ec29-cba2-5eac-6e02-000000000400}\r\nTargetProcessId: 2980\r\nTargetImage: C:\\windows\\System32\\svchost.exe\r\nGrantedAccess: 0x1000\r\nCallTrace: C:\\windows\\SYSTEM32\\ntdll.dll+9c584|C:\\windows\\SYSTEM32\\psmserviceexthost.dll+222a3|C:\\windows\\SYSTEM32\\psmserviceexthost.dll+1a172|C:\\windows\\SYSTEM32\\psmserviceexthost.dll+19e3b|C:\\windows\\SYSTEM32\\psmserviceexthost.dll+19318|C:\\windows\\SYSTEM32\\ntdll.dll+3089d|C:\\windows\\SYSTEM32\\ntdll.dll+34634|C:\\windows\\System32\\KERNEL32.DLL+17bd4|C:\\windows\\SYSTEM32\\ntdll.dll+6ced1","SourceThreadId":"5792","EventID":10,"TargetProcessId":"2980","SourceModuleName":"eventlog","tags":["mordorDataset"],"@version":"1","SourceImage":"C:\\windows\\system32\\svchost.exe","SourceName":"Microsoft-Windows-Sysmon","AccountType":"User","TargetImage":"C:\\windows\\System32\\svchost.exe","host":"wec.internal.cloudapp.net","Task":10,"ThreadID":4224,"EventReceivedTime":"2020-05-01 22:55:26","CallTrace":"C:\\windows\\SYSTEM32\\ntdll.dll+9c584|C:\\windows\\SYSTEM32\\psmserviceexthost.dll+222a3|C:\\windows\\SYSTEM32\\psmserviceexthost.dll+1a172|C:\\windows\\SYSTEM32\\psmserviceexthost.dll+19e3b|C:\\windows\\SYSTEM32\\psmserviceexthost.dll+19318|C:\\windows\\SYSTEM32\\ntdll.dll+3089d|C:\\windows\\SYSTEM32\\ntdll.dll+34634|C:\\windows\\System32\\KERNEL32.DLL+17bd4|C:\\windows\\SYSTEM32\\ntdll.dll+6ced1","Domain":"NT AUTHORITY","UtcTime":"2020-05-02 02:55:24.215","Keywords":-9223372036854775808,"RecordNumber":332548,"SourceProcessId":"884","SourceModuleType":"im_msvistalog","@timestamp":"2020-05-02T02:55:26.494Z","SeverityValue":2,"Version":3,"OpcodeValue":0,"Severity":"INFO","Channel":"Microsoft-Windows-Sysmon/Operational","AccountName":"SYSTEM","GrantedAccess":"0x1000","SourceProcessGUID":"{5aa8ec29-cad8-5eac-1000-000000000400}","EventType":"INFO","UserID":"S-1-5-18","TargetProcessGUID":"{5aa8ec29-cba2-5eac-6e02-000000000400}","ProcessId":"884","Hostname":"NASHUA.dmevals.local","RuleName":"-","ExecutionProcessID":3428,"ProviderGuid":"{5770385F-C22A-43E0-BF4C-06F5698FFBD9}"},
{"EventTime":"2020-05-01 22:55:24","port":60737,"Message":"Process accessed:\r\nRuleName: -\r\nUtcTime: 2020-05-02 02:55:24.215\r\nSourceProcessGUID: {5aa8ec29-cad8-5eac-1000-000000000400}\r\nSourceProcessId: 884\r\nSourceThreadId: 5792\r\nSourceImage: C:\\windows\\system32\\svchost.exe\r\nTargetProcessGUID: {5aa8ec29-cba2-5eac-6e02-000000000400}\r\nTargetProcessId: 2980\r\nTargetImage: C:\\windows\\System32\\svchost.exe\r\nGrantedAccess: 0x1000\r\nCallTrace: C:\\windows\\SYSTEM32\\ntdll.dll+9c584|C:\\windows\\SYSTEM32\\psmserviceexthost.dll+222a3|C:\\windows\\SYSTEM32\\psmserviceexthost.dll+1a172|C:\\windows\\SYSTEM32\\psmserviceexthost.dll+19e3b|C:\\windows\\SYSTEM32\\psmserviceexthost.dll+19318|C:\\windows\\SYSTEM32\\ntdll.dll+3089d|C:\\windows\\SYSTEM32\\ntdll.dll+34634|C:\\windows\\System32\\KERNEL32.DLL+17bd4|C:\\windows\\SYSTEM32\\ntdll.dll+6ced1","SourceThreadId":"5792","EventID":10,"TargetProcessId":"2980","SourceModuleName":"eventlog","tags":["mordorDataset"],"@version":"1","SourceImage":"C:\\windows\\system32\\svchost.exe","SourceName":"Microsoft-Windows-Sysmon","AccountType":"User","TargetImage":"C:\\windows\\System32\\svchost.exe","host":"wec.internal.cloudapp.net","Task":10,"ThreadID":4224,"EventReceivedTime":"2020-05-01 22:55:26","CallTrace":"C:\\windows\\SYSTEM32\\ntdll.dll+9c584|C:\\windows\\SYSTEM32\\psmserviceexthost.dll+222a3|C:\\windows\\SYSTEM32\\psmserviceexthost.dll+1a172|C:\\windows\\SYSTEM32\\psmserviceexthost.dll+19e3b|C:\\windows\\SYSTEM32\\psmserviceexthost.dll+19318|C:\\windows\\SYSTEM32\\ntdll.dll+3089d|C:\\windows\\SYSTEM32\\ntdll.dll+34634|C:\\windows\\System32\\KERNEL32.DLL+17bd4|C:\\windows\\SYSTEM32\\ntdll.dll+6ced1","Domain":"NT AUTHORITY","UtcTime":"2020-05-02 02:55:24.215","Keywords":-9223372036854775808,"RecordNumber":332549,"SourceProcessId":"884","SourceModuleType":"im_msvistalog","@timestamp":"2020-05-02T02:55:26.495Z","SeverityValue":2,"Version":3,"OpcodeValue":0,"Severity":"INFO","Channel":"Microsoft-Windows-Sysmon/Operational","AccountName":"SYSTEM","GrantedAccess":"0x1000","SourceProcessGUID":"{5aa8ec29-cad8-5eac-1000-000000000400}","EventType":"INFO","UserID":"S-1-5-18","TargetProcessGUID":"{5aa8ec29-cba2-5eac-6e02-000000000400}","ProcessId":"884","Hostname":"NASHUA.dmevals.local","RuleName":"-","ExecutionProcessID":3428,"ProviderGuid":"{5770385F-C22A-43E0-BF4C-06F5698FFBD9}"},
{"EventTime":"2020-05-01 22:55:24","port":60737,"Message":"Process accessed:\r\nRuleName: -\r\nUtcTime: 2020-05-02 02:55:24.215\r\nSourceProcessGUID: {5aa8ec29-cad8-5eac-1000-000000000400}\r\nSourceProcessId: 884\r\nSourceThreadId: 5708\r\nSourceImage: C:\\windows\\system32\\svchost.exe\r\nTargetProcessGUID: {5aa8ec29-cba2-5eac-6e02-000000000400}\r\nTargetProcessId: 2980\r\nTargetImage: C:\\windows\\System32\\svchost.exe\r\nGrantedAccess: 0x1000\r\nCallTrace: C:\\windows\\SYSTEM32\\ntdll.dll+9c584|C:\\windows\\SYSTEM32\\psmserviceexthost.dll+222a3|C:\\windows\\SYSTEM32\\psmserviceexthost.dll+1a172|C:\\windows\\SYSTEM32\\psmserviceexthost.dll+19e3b|C:\\windows\\SYSTEM32\\psmserviceexthost.dll+19318|C:\\windows\\SYSTEM32\\ntdll.dll+3089d|C:\\windows\\SYSTEM32\\ntdll.dll+34634|C:\\windows\\System32\\KERNEL32.DLL+17bd4|C:\\windows\\SYSTEM32\\ntdll.dll+6ced1","SourceThreadId":"5708","EventID":10,"TargetProcessId":"2980","SourceModuleName":"eventlog","tags":["mordorDataset"],"@version":"1","SourceImage":"C:\\windows\\system32\\svchost.exe","SourceName":"Microsoft-Windows-Sysmon","AccountType":"User","TargetImage":"C:\\windows\\System32\\svchost.exe","host":"wec.internal.cloudapp.net","Task":10,"ThreadID":4224,"EventReceivedTime":"2020-05-01 22:55:26","CallTrace":"C:\\windows\\SYSTEM32\\ntdll.dll+9c584|C:\\windows\\SYSTEM32\\psmserviceexthost.dll+222a3|C:\\windows\\SYSTEM32\\psmserviceexthost.dll+1a172|C:\\windows\\SYSTEM32\\psmserviceexthost.dll+19e3b|C:\\windows\\SYSTEM32\\psmserviceexthost.dll+19318|C:\\windows\\SYSTEM32\\ntdll.dll+3089d|C:\\windows\\SYSTEM32\\ntdll.dll+34634|C:\\windows\\System32\\KERNEL32.DLL+17bd4|C:\\windows\\SYSTEM32\\ntdll.dll+6ced1","Domain":"NT AUTHORITY","UtcTime":"2020-05-02 02:55:24.215","Keywords":-9223372036854775808,"RecordNumber":332550,"SourceProcessId":"884","SourceModuleType":"im_msvistalog","@timestamp":"2020-05-02T02:55:26.495Z","SeverityValue":2,"Version":3,"OpcodeValue":0,"Severity":"INFO","Channel":"Microsoft-Windows-Sysmon/Operational","AccountName":"SYSTEM","GrantedAccess":"0x1000","SourceProcessGUID":"{5aa8ec29-cad8-5eac-1000-000000000400}","EventType":"INFO","UserID":"S-1-5-18","TargetProcessGUID":"{5aa8ec29-cba2-5eac-6e02-000000000400}","ProcessId":"884","Hostname":"NASHUA.dmevals.local","RuleName":"-","ExecutionProcessID":3428,"ProviderGuid":"{5770385F-C22A-43E0-BF4C-06F5698FFBD9}"},
{"EventTime":"2020-05-01 22:55:24","port":60737,"Message":"Process accessed:\r\nRuleName: -\r\nUtcTime: 2020-05-02 02:55:24.215\r\nSourceProcessGUID: {5aa8ec29-cad8-5eac-1000-000000000400}\r\nSourceProcessId: 884\r\nSourceThreadId: 5708\r\nSourceImage: C:\\windows\\system32\\svchost.exe\r\nTargetProcessGUID: {5aa8ec29-cba2-5eac-6e02-000000000400}\r\nTargetProcessId: 2980\r\nTargetImage: C:\\windows\\System32\\svchost.exe\r\nGrantedAccess: 0x1000\r\nCallTrace: C:\\windows\\SYSTEM32\\ntdll.dll+9c584|C:\\windows\\SYSTEM32\\psmserviceexthost.dll+222a3|C:\\windows\\SYSTEM32\\psmserviceexthost.dll+1a172|C:\\windows\\SYSTEM32\\psmserviceexthost.dll+19e3b|C:\\windows\\SYSTEM32\\psmserviceexthost.dll+19318|C:\\windows\\SYSTEM32\\ntdll.dll+3089d|C:\\windows\\SYSTEM32\\ntdll.dll+34634|C:\\windows\\System32\\KERNEL32.DLL+17bd4|C:\\windows\\SYSTEM32\\ntdll.dll+6ced1","SourceThreadId":"5708","EventID":10,"TargetProcessId":"2980","SourceModuleName":"eventlog","tags":["mordorDataset"],"@version":"1","SourceImage":"C:\\windows\\system32\\svchost.exe","SourceName":"Microsoft-Windows-Sysmon","AccountType":"User","TargetImage":"C:\\windows\\System32\\svchost.exe","host":"wec.internal.cloudapp.net","Task":10,"ThreadID":4224,"EventReceivedTime":"2020-05-01 22:55:26","CallTrace":"C:\\windows\\SYSTEM32\\ntdll.dll+9c584|C:\\windows\\SYSTEM32\\psmserviceexthost.dll+222a3|C:\\windows\\SYSTEM32\\psmserviceexthost.dll+1a172|C:\\windows\\SYSTEM32\\psmserviceexthost.dll+19e3b|C:\\windows\\SYSTEM32\\psmserviceexthost.dll+19318|C:\\windows\\SYSTEM32\\ntdll.dll+3089d|C:\\windows\\SYSTEM32\\ntdll.dll+34634|C:\\windows\\System32\\KERNEL32.DLL+17bd4|C:\\windows\\SYSTEM32\\ntdll.dll+6ced1","Domain":"NT AUTHORITY","UtcTime":"2020-05-02 02:55:24.215","Keywords":-9223372036854775808,"RecordNumber":332551,"SourceProcessId":"884","SourceModuleType":"im_msvistalog","@timestamp":"2020-05-02T02:55:26.496Z","SeverityValue":2,"Version":3,"OpcodeValue":0,"Severity":"INFO","Channel":"Microsoft-Windows-Sysmon/Operational","AccountName":"SYSTEM","GrantedAccess":"0x1000","SourceProcessGUID":"{5aa8ec29-cad8-5eac-1000-000000000400}","EventType":"INFO","UserID":"S-1-5-18","TargetProcessGUID":"{5aa8ec29-cba2-5eac-6e02-000000000400}","ProcessId":"884","Hostname":"NASHUA.dmevals.local","RuleName":"-","ExecutionProcessID":3428,"ProviderGuid":"{5770385F-C22A-43E0-BF4C-06F5698FFBD9}"},
{"EventTime":"2020-05-01 22:55:24","port":60737,"Message":"Process accessed:\r\nRuleName: -\r\nUtcTime: 2020-05-02 02:55:24.636\r\nSourceProcessGUID: {6bbf237a-cafb-5eac-1000-000000000400}\r\nSourceProcessId: 900\r\nSourceThreadId: 504\r\nSourceImage: C:\\windows\\system32\\svchost.exe\r\nTargetProcessGUID: {6bbf237a-cb97-5eac-6202-000000000400}\r\nTargetProcessId: 2092\r\nTargetImage: C:\\windows\\System32\\svchost.exe\r\nGrantedAccess: 0x1000\r\nCallTrace: C:\\windows\\SYSTEM32\\ntdll.dll+9c584|C:\\windows\\SYSTEM32\\psmserviceexthost.dll+222a3|C:\\windows\\SYSTEM32\\psmserviceexthost.dll+1a172|C:\\windows\\SYSTEM32\\psmserviceexthost.dll+19e3b|C:\\windows\\SYSTEM32\\psmserviceexthost.dll+19318|C:\\windows\\SYSTEM32\\ntdll.dll+3089d|C:\\windows\\SYSTEM32\\ntdll.dll+34634|C:\\windows\\System32\\KERNEL32.DLL+17bd4|C:\\windows\\SYSTEM32\\ntdll.dll+6ced1","SourceThreadId":"504","EventID":10,"TargetProcessId":"2092","SourceModuleName":"eventlog","tags":["mordorDataset"],"@version":"1","SourceImage":"C:\\windows\\system32\\svchost.exe","SourceName":"Microsoft-Windows-Sysmon","AccountType":"User","TargetImage":"C:\\windows\\System32\\svchost.exe","host":"wec.internal.cloudapp.net","Task":10,"ThreadID":4396,"EventReceivedTime":"2020-05-01 22:55:26","CallTrace":"C:\\windows\\SYSTEM32\\ntdll.dll+9c584|C:\\windows\\SYSTEM32\\psmserviceexthost.dll+222a3|C:\\windows\\SYSTEM32\\psmserviceexthost.dll+1a172|C:\\windows\\SYSTEM32\\psmserviceexthost.dll+19e3b|C:\\windows\\SYSTEM32\\psmserviceexthost.dll+19318|C:\\windows\\SYSTEM32\\ntdll.dll+3089d|C:\\windows\\SYSTEM32\\ntdll.dll+34634|C:\\windows\\System32\\KERNEL32.DLL+17bd4|C:\\windows\\SYSTEM32\\ntdll.dll+6ced1","Domain":"NT AUTHORITY","UtcTime":"2020-05-02 02:55:24.636","Keywords":-9223372036854775808,"RecordNumber":138298,"SourceProcessId":"900","SourceModuleType":"im_msvistalog","@timestamp":"2020-05-02T02:55:26.496Z","SeverityValue":2,"Version":3,"OpcodeValue":0,"Severity":"INFO","Channel":"Microsoft-Windows-Sysmon/Operational","AccountName":"SYSTEM","GrantedAccess":"0x1000","SourceProcessGUID":"{6bbf237a-cafb-5eac-1000-000000000400}","EventType":"INFO","UserID":"S-1-5-18","TargetProcessGUID":"{6bbf237a-cb97-5eac-6202-000000000400}","ProcessId":"900","Hostname":"UTICA.dmevals.local","RuleName":"-","ExecutionProcessID":3496,"ProviderGuid":"{5770385F-C22A-43E0-BF4C-06F5698FFBD9}"},
{"EventTime":"2020-05-01 22:55:24","port":60737,"Message":"Process accessed:\r\nRuleName: -\r\nUtcTime: 2020-05-02 02:55:24.636\r\nSourceProcessGUID: {6bbf237a-cafb-5eac-1000-000000000400}\r\nSourceProcessId: 900\r\nSourceThreadId: 504\r\nSourceImage: C:\\windows\\system32\\svchost.exe\r\nTargetProcessGUID: {6bbf237a-cb97-5eac-6202-000000000400}\r\nTargetProcessId: 2092\r\nTargetImage: C:\\windows\\System32\\svchost.exe\r\nGrantedAccess: 0x1000\r\nCallTrace: C:\\windows\\SYSTEM32\\ntdll.dll+9c584|C:\\windows\\SYSTEM32\\psmserviceexthost.dll+222a3|C:\\windows\\SYSTEM32\\psmserviceexthost.dll+1a172|C:\\windows\\SYSTEM32\\psmserviceexthost.dll+19e3b|C:\\windows\\SYSTEM32\\psmserviceexthost.dll+19318|C:\\windows\\SYSTEM32\\ntdll.dll+3089d|C:\\windows\\SYSTEM32\\ntdll.dll+34634|C:\\windows\\System32\\KERNEL32.DLL+17bd4|C:\\windows\\SYSTEM32\\ntdll.dll+6ced1","SourceThreadId":"504","EventID":10,"TargetProcessId":"2092","SourceModuleName":"eventlog","tags":["mordorDataset"],"@version":"1","SourceImage":"C:\\windows\\system32\\svchost.exe","SourceName":"Microsoft-Windows-Sysmon","AccountType":"User","TargetImage":"C:\\windows\\System32\\svchost.exe","host":"wec.internal.cloudapp.net","Task":10,"ThreadID":4396,"EventReceivedTime":"2020-05-01 22:55:26","CallTrace":"C:\\windows\\SYSTEM32\\ntdll.dll+9c584|C:\\windows\\SYSTEM32\\psmserviceexthost.dll+222a3|C:\\windows\\SYSTEM32\\psmserviceexthost.dll+1a172|C:\\windows\\SYSTEM32\\psmserviceexthost.dll+19e3b|C:\\windows\\SYSTEM32\\psmserviceexthost.dll+19318|C:\\windows\\SYSTEM32\\ntdll.dll+3089d|C:\\windows\\SYSTEM32\\ntdll.dll+34634|C:\\windows\\System32\\KERNEL32.DLL+17bd4|C:\\windows\\SYSTEM32\\ntdll.dll+6ced1","Domain":"NT AUTHORITY","UtcTime":"2020-05-02 02:55:24.636","Keywords":-9223372036854775808,"RecordNumber":138299,"SourceProcessId":"900","SourceModuleType":"im_msvistalog","@timestamp":"2020-05-02T02:55:26.496Z","SeverityValue":2,"Version":3,"OpcodeValue":0,"Severity":"INFO","Channel":"Microsoft-Windows-Sysmon/Operational","AccountName":"SYSTEM","GrantedAccess":"0x1000","SourceProcessGUID":"{6bbf237a-cafb-5eac-1000-000000000400}","EventType":"INFO","UserID":"S-1-5-18","TargetProcessGUID":"{6bbf237a-cb97-5eac-6202-000000000400}","ProcessId":"900","Hostname":"UTICA.dmevals.local","RuleName":"-","ExecutionProcessID":3496,"ProviderGuid":"{5770385F-C22A-43E0-BF4C-06F5698FFBD9}"},
{"EventTime":"2020-05-01 22:55:25","port":60737,"Message":"Process accessed:\r\nRuleName: -\r\nUtcTime: 2020-05-02 02:55:25.215\r\nSourceProcessGUID: {5aa8ec29-cad8-5eac-1000-000000000400}\r\nSourceProcessId: 884\r\nSourceThreadId: 5792\r\nSourceImage: C:\\windows\\system32\\svchost.exe\r\nTargetProcessGUID: {5aa8ec29-cba2-5eac-6e02-000000000400}\r\nTargetProcessId: 2980\r\nTargetImage: C:\\windows\\System32\\svchost.exe\r\nGrantedAccess: 0x1000\r\nCallTrace: C:\\windows\\SYSTEM32\\ntdll.dll+9c584|C:\\windows\\SYSTEM32\\psmserviceexthost.dll+222a3|C:\\windows\\SYSTEM32\\psmserviceexthost.dll+1a172|C:\\windows\\SYSTEM32\\psmserviceexthost.dll+19e3b|C:\\windows\\SYSTEM32\\psmserviceexthost.dll+19318|C:\\windows\\SYSTEM32\\ntdll.dll+3089d|C:\\windows\\SYSTEM32\\ntdll.dll+34634|C:\\windows\\System32\\KERNEL32.DLL+17bd4|C:\\windows\\SYSTEM32\\ntdll.dll+6ced1","SourceThreadId":"5792","EventID":10,"TargetProcessId":"2980","SourceModuleName":"eventlog","tags":["mordorDataset"],"@version":"1","SourceImage":"C:\\windows\\system32\\svchost.exe","SourceName":"Microsoft-Windows-Sysmon","AccountType":"User","TargetImage":"C:\\windows\\System32\\svchost.exe","host":"wec.internal.cloudapp.net","Task":10,"ThreadID":4224,"EventReceivedTime":"2020-05-01 22:55:27","CallTrace":"C:\\windows\\SYSTEM32\\ntdll.dll+9c584|C:\\windows\\SYSTEM32\\psmserviceexthost.dll+222a3|C:\\windows\\SYSTEM32\\psmserviceexthost.dll+1a172|C:\\windows\\SYSTEM32\\psmserviceexthost.dll+19e3b|C:\\windows\\SYSTEM32\\psmserviceexthost.dll+19318|C:\\windows\\SYSTEM32\\ntdll.dll+3089d|C:\\windows\\SYSTEM32\\ntdll.dll+34634|C:\\windows\\System32\\KERNEL32.DLL+17bd4|C:\\windows\\SYSTEM32\\ntdll.dll+6ced1","Domain":"NT AUTHORITY","UtcTime":"2020-05-02 02:55:25.215","Keywords":-9223372036854775808,"RecordNumber":332552,"SourceProcessId":"884","SourceModuleType":"im_msvistalog","@timestamp":"2020-05-02T02:55:27.498Z","SeverityValue":2,"Version":3,"OpcodeValue":0,"Severity":"INFO","Channel":"Microsoft-Windows-Sysmon/Operational","AccountName":"SYSTEM","GrantedAccess":"0x1000","SourceProcessGUID":"{5aa8ec29-cad8-5eac-1000-000000000400}","EventType":"INFO","UserID":"S-1-5-18","TargetProcessGUID":"{5aa8ec29-cba2-5eac-6e02-000000000400}","ProcessId":"884","Hostname":"NASHUA.dmevals.local","RuleName":"-","ExecutionProcessID":3428,"ProviderGuid":"{5770385F-C22A-43E0-BF4C-06F5698FFBD9}"},
{"EventTime":"2020-05-01 22:55:25","port":60737,"Message":"Process accessed:\r\nRuleName: -\r\nUtcTime: 2020-05-02 02:55:25.215\r\nSourceProcessGUID: {5aa8ec29-cad8-5eac-1000-000000000400}\r\nSourceProcessId: 884\r\nSourceThreadId: 5792\r\nSourceImage: C:\\windows\\system32\\svchost.exe\r\nTargetProcessGUID: {5aa8ec29-cba2-5eac-6e02-000000000400}\r\nTargetProcessId: 2980\r\nTargetImage: C:\\windows\\System32\\svchost.exe\r\nGrantedAccess: 0x1000\r\nCallTrace: C:\\windows\\SYSTEM32\\ntdll.dll+9c584|C:\\windows\\SYSTEM32\\psmserviceexthost.dll+222a3|C:\\windows\\SYSTEM32\\psmserviceexthost.dll+1a172|C:\\windows\\SYSTEM32\\psmserviceexthost.dll+19e3b|C:\\windows\\SYSTEM32\\psmserviceexthost.dll+19318|C:\\windows\\SYSTEM32\\ntdll.dll+3089d|C:\\windows\\SYSTEM32\\ntdll.dll+34634|C:\\windows\\System32\\KERNEL32.DLL+17bd4|C:\\windows\\SYSTEM32\\ntdll.dll+6ced1","SourceThreadId":"5792","EventID":10,"TargetProcessId":"2980","SourceModuleName":"eventlog","tags":["mordorDataset"],"@version":"1","SourceImage":"C:\\windows\\system32\\svchost.exe","SourceName":"Microsoft-Windows-Sysmon","AccountType":"User","TargetImage":"C:\\windows\\System32\\svchost.exe","host":"wec.internal.cloudapp.net","Task":10,"ThreadID":4224,"EventReceivedTime":"2020-05-01 22:55:27","CallTrace":"C:\\windows\\SYSTEM32\\ntdll.dll+9c584|C:\\windows\\SYSTEM32\\psmserviceexthost.dll+222a3|C:\\windows\\SYSTEM32\\psmserviceexthost.dll+1a172|C:\\windows\\SYSTEM32\\psmserviceexthost.dll+19e3b|C:\\windows\\SYSTEM32\\psmserviceexthost.dll+19318|C:\\windows\\SYSTEM32\\ntdll.dll+3089d|C:\\windows\\SYSTEM32\\ntdll.dll+34634|C:\\windows\\System32\\KERNEL32.DLL+17bd4|C:\\windows\\SYSTEM32\\ntdll.dll+6ced1","Domain":"NT AUTHORITY","UtcTime":"2020-05-02 02:55:25.215","Keywords":-9223372036854775808,"RecordNumber":332553,"SourceProcessId":"884","SourceModuleType":"im_msvistalog","@timestamp":"2020-05-02T02:55:27.498Z","SeverityValue":2,"Version":3,"OpcodeValue":0,"Severity":"INFO","Channel":"Microsoft-Windows-Sysmon/Operational","AccountName":"SYSTEM","GrantedAccess":"0x1000","SourceProcessGUID":"{5aa8ec29-cad8-5eac-1000-000000000400}","EventType":"INFO","UserID":"S-1-5-18","TargetProcessGUID":"{5aa8ec29-cba2-5eac-6e02-000000000400}","ProcessId":"884","Hostname":"NASHUA.dmevals.local","RuleName":"-","ExecutionProcessID":3428,"ProviderGuid":"{5770385F-C22A-43E0-BF4C-06F5698FFBD9}"},
{"EventTime":"2020-05-01 22:55:25","port":60737,"Message":"Process accessed:\r\nRuleName: -\r\nUtcTime: 2020-05-02 02:55:25.215\r\nSourceProcessGUID: {5aa8ec29-cad8-5eac-1000-000000000400}\r\nSourceProcessId: 884\r\nSourceThreadId: 5708\r\nSourceImage: C:\\windows\\system32\\svchost.exe\r\nTargetProcessGUID: {5aa8ec29-cba2-5eac-6e02-000000000400}\r\nTargetProcessId: 2980\r\nTargetImage: C:\\windows\\System32\\svchost.exe\r\nGrantedAccess: 0x1000\r\nCallTrace: C:\\windows\\SYSTEM32\\ntdll.dll+9c584|C:\\windows\\SYSTEM32\\psmserviceexthost.dll+222a3|C:\\windows\\SYSTEM32\\psmserviceexthost.dll+1a172|C:\\windows\\SYSTEM32\\psmserviceexthost.dll+19e3b|C:\\windows\\SYSTEM32\\psmserviceexthost.dll+19318|C:\\windows\\SYSTEM32\\ntdll.dll+3089d|C:\\windows\\SYSTEM32\\ntdll.dll+34634|C:\\windows\\System32\\KERNEL32.DLL+17bd4|C:\\windows\\SYSTEM32\\ntdll.dll+6ced1","SourceThreadId":"5708","EventID":10,"TargetProcessId":"2980","SourceModuleName":"eventlog","tags":["mordorDataset"],"@version":"1","SourceImage":"C:\\windows\\system32\\svchost.exe","SourceName":"Microsoft-Windows-Sysmon","AccountType":"User","TargetImage":"C:\\windows\\System32\\svchost.exe","host":"wec.internal.cloudapp.net","Task":10,"ThreadID":4224,"EventReceivedTime":"2020-05-01 22:55:27","CallTrace":"C:\\windows\\SYSTEM32\\ntdll.dll+9c584|C:\\windows\\SYSTEM32\\psmserviceexthost.dll+222a3|C:\\windows\\SYSTEM32\\psmserviceexthost.dll+1a172|C:\\windows\\SYSTEM32\\psmserviceexthost.dll+19e3b|C:\\windows\\SYSTEM32\\psmserviceexthost.dll+19318|C:\\windows\\SYSTEM32\\ntdll.dll+3089d|C:\\windows\\SYSTEM32\\ntdll.dll+34634|C:\\windows\\System32\\KERNEL32.DLL+17bd4|C:\\windows\\SYSTEM32\\ntdll.dll+6ced1","Domain":"NT AUTHORITY","UtcTime":"2020-05-02 02:55:25.215","Keywords":-9223372036854775808,"RecordNumber":332554,"SourceProcessId":"884","SourceModuleType":"im_msvistalog","@timestamp":"2020-05-02T02:55:27.499Z","SeverityValue":2,"Version":3,"OpcodeValue":0,"Severity":"INFO","Channel":"Microsoft-Windows-Sysmon/Operational","AccountName":"SYSTEM","GrantedAccess":"0x1000","SourceProcessGUID":"{5aa8ec29-cad8-5eac-1000-000000000400}","EventType":"INFO","UserID":"S-1-5-18","TargetProcessGUID":"{5aa8ec29-cba2-5eac-6e02-000000000400}","ProcessId":"884","Hostname":"NASHUA.dmevals.local","RuleName":"-","ExecutionProcessID":3428,"ProviderGuid":"{5770385F-C22A-43E0-BF4C-06F5698FFBD9}"},
{"EventTime":"2020-05-01 22:55:25","port":60737,"Message":"Process accessed:\r\nRuleName: -\r\nUtcTime: 2020-05-02 02:55:25.215\r\nSourceProcessGUID: {5aa8ec29-cad8-5eac-1000-000000000400}\r\nSourceProcessId: 884\r\nSourceThreadId: 5708\r\nSourceImage: C:\\windows\\system32\\svchost.exe\r\nTargetProcessGUID: {5aa8ec29-cba2-5eac-6e02-000000000400}\r\nTargetProcessId: 2980\r\nTargetImage: C:\\windows\\System32\\svchost.exe\r\nGrantedAccess: 0x1000\r\nCallTrace: C:\\windows\\SYSTEM32\\ntdll.dll+9c584|C:\\windows\\SYSTEM32\\psmserviceexthost.dll+222a3|C:\\windows\\SYSTEM32\\psmserviceexthost.dll+1a172|C:\\windows\\SYSTEM32\\psmserviceexthost.dll+19e3b|C:\\windows\\SYSTEM32\\psmserviceexthost.dll+19318|C:\\windows\\SYSTEM32\\ntdll.dll+3089d|C:\\windows\\SYSTEM32\\ntdll.dll+34634|C:\\windows\\System32\\KERNEL32.DLL+17bd4|C:\\windows\\SYSTEM32\\ntdll.dll+6ced1","SourceThreadId":"5708","EventID":10,"TargetProcessId":"2980","SourceModuleName":"eventlog","tags":["mordorDataset"],"@version":"1","SourceImage":"C:\\windows\\system32\\svchost.exe","SourceName":"Microsoft-Windows-Sysmon","AccountType":"User","TargetImage":"C:\\windows\\System32\\svchost.exe","host":"wec.internal.cloudapp.net","Task":10,"ThreadID":4224,"EventReceivedTime":"2020-05-01 22:55:27","CallTrace":"C:\\windows\\SYSTEM32\\ntdll.dll+9c584|C:\\windows\\SYSTEM32\\psmserviceexthost.dll+222a3|C:\\windows\\SYSTEM32\\psmserviceexthost.dll+1a172|C:\\windows\\SYSTEM32\\psmserviceexthost.dll+19e3b|C:\\windows\\SYSTEM32\\psmserviceexthost.dll+19318|C:\\windows\\SYSTEM32\\ntdll.dll+3089d|C:\\windows\\SYSTEM32\\ntdll.dll+34634|C:\\windows\\System32\\KERNEL32.DLL+17bd4|C:\\windows\\SYSTEM32\\ntdll.dll+6ced1","Domain":"NT AUTHORITY","UtcTime":"2020-05-02 02:55:25.215","Keywords":-9223372036854775808,"RecordNumber":332555,"SourceProcessId":"884","SourceModuleType":"im_msvistalog","@timestamp":"2020-05-02T02:55:27.499Z","SeverityValue":2,"Version":3,"OpcodeValue":0,"Severity":"INFO","Channel":"Microsoft-Windows-Sysmon/Operational","AccountName":"SYSTEM","GrantedAccess":"0x1000","SourceProcessGUID":"{5aa8ec29-cad8-5eac-1000-000000000400}","EventType":"INFO","UserID":"S-1-5-18","TargetProcessGUID":"{5aa8ec29-cba2-5eac-6e02-000000000400}","ProcessId":"884","Hostname":"NASHUA.dmevals.local","RuleName":"-","ExecutionProcessID":3428,"ProviderGuid":"{5770385F-C22A-43E0-BF4C-06F5698FFBD9}"}
{"EventTime":"2020-05-01 22:55:25","port":60737,"Message":"The Windows Filtering Platform has permitted a connection.\r\n\r\nApplication Information:\r\n\tProcess ID:\t\t3960\r\n\tApplication Name:\t\\device\\harddiskvolume4\\windows\\system32\\dns.exe\r\n\r\nNetwork Information:\r\n\tDirection:\t\tInbound\r\n\tSource Address:\t\t172.18.39.2\r\n\tSource Port:\t\t63466\r\n\tDestination Address:\t10.0.0.4\r\n\tDestination Port:\t\t53\r\n\tProtocol:\t\t17\r\n\r\nFilter Information:\r\n\tFilter Run-Time ID:\t67845\r\n\tLayer Name:\t\tReceive/Accept\r\n\tLayer Run-Time ID:\t44","Opcode":"Info","EventID":5156,"Application":"\\device\\harddiskvolume4\\windows\\system32\\dns.exe","SourceModuleName":"eventlog","tags":["mordorDataset"],"@version":"1","SourceName":"Microsoft-Windows-Security-Auditing","host":"wec.internal.cloudapp.net","Task":12810,"ThreadID":328,"RemoteMachineID":"S-1-0-0","EventReceivedTime":"2020-05-01 22:55:27","Category":"Filtering Platform Connection","Keywords":-9214364837600034816,"RecordNumber":146490,"DestPort":"53","SourceModuleType":"im_msvistalog","@timestamp":"2020-05-02T02:55:27.499Z","DestAddress":"10.0.0.4","SeverityValue":2,"Version":1,"OpcodeValue":0,"SourceAddress":"172.18.39.2","Severity":"INFO","Channel":"Security","SourcePort":"63466","Protocol":"17","Direction":"%%14592","FilterRTID":"67845","LayerRTID":"44","RemoteUserID":"S-1-0-0","EventType":"AUDIT_SUCCESS","ProcessId":"3960","Hostname":"NEWYORK.dmevals.local","LayerName":"%%14610","ExecutionProcessID":4,"ProviderGuid":"{54849625-5478-4994-A5BA-3E3B0328C30D}"},
{"EventTime":"2020-05-01 22:55:25","port":60737,"Message":"The Windows Filtering Platform has permitted a connection.\r\n\r\nApplication Information:\r\n\tProcess ID:\t\t3960\r\n\tApplication Name:\t\\device\\harddiskvolume4\\windows\\system32\\dns.exe\r\n\r\nNetwork Information:\r\n\tDirection:\t\tOutbound\r\n\tSource Address:\t\t10.0.0.4\r\n\tSource Port:\t\t50505\r\n\tDestination Address:\t40.90.4.4\r\n\tDestination Port:\t\t53\r\n\tProtocol:\t\t17\r\n\r\nFilter Information:\r\n\tFilter Run-Time ID:\t69750\r\n\tLayer Name:\t\tConnect\r\n\tLayer Run-Time ID:\t48","Opcode":"Info","EventID":5156,"Application":"\\device\\harddiskvolume4\\windows\\system32\\dns.exe","SourceModuleName":"eventlog","tags":["mordorDataset"],"@version":"1","SourceName":"Microsoft-Windows-Security-Auditing","host":"wec.internal.cloudapp.net","Task":12810,"ThreadID":328,"RemoteMachineID":"S-1-0-0","EventReceivedTime":"2020-05-01 22:55:27","Category":"Filtering Platform Connection","Keywords":-9214364837600034816,"RecordNumber":146491,"DestPort":"53","SourceModuleType":"im_msvistalog","@timestamp":"2020-05-02T02:55:27.499Z","DestAddress":"40.90.4.4","SeverityValue":2,"Version":1,"OpcodeValue":0,"SourceAddress":"10.0.0.4","Severity":"INFO","Channel":"Security","SourcePort":"50505","Protocol":"17","Direction":"%%14593","FilterRTID":"69750","LayerRTID":"48","RemoteUserID":"S-1-0-0","EventType":"AUDIT_SUCCESS","ProcessId":"3960","Hostname":"NEWYORK.dmevals.local","LayerName":"%%14611","ExecutionProcessID":4,"ProviderGuid":"{54849625-5478-4994-A5BA-3E3B0328C30D}"},
{"EventTime":"2020-05-01 22:55:25","port":60737,"Message":"The Windows Filtering Platform has permitted a connection.\r\n\r\nApplication Information:\r\n\tProcess ID:\t\t3960\r\n\tApplication Name:\t\\device\\harddiskvolume4\\windows\\system32\\dns.exe\r\n\r\nNetwork Information:\r\n\tDirection:\t\tOutbound\r\n\tSource Address:\t\t10.0.0.4\r\n\tSource Port:\t\t49641\r\n\tDestination Address:\t64.4.48.201\r\n\tDestination Port:\t\t53\r\n\tProtocol:\t\t17\r\n\r\nFilter Information:\r\n\tFilter Run-Time ID:\t69750\r\n\tLayer Name:\t\tConnect\r\n\tLayer Run-Time ID:\t48","Opcode":"Info","EventID":5156,"Application":"\\device\\harddiskvolume4\\windows\\system32\\dns.exe","SourceModuleName":"eventlog","tags":["mordorDataset"],"@version":"1","SourceName":"Microsoft-Windows-Security-Auditing","host":"wec.internal.cloudapp.net","Task":12810,"ThreadID":328,"RemoteMachineID":"S-1-0-0","EventReceivedTime":"2020-05-01 22:55:27","Category":"Filtering Platform Connection","Keywords":-9214364837600034816,"RecordNumber":146492,"DestPort":"53","SourceModuleType":"im_msvistalog","@timestamp":"2020-05-02T02:55:27.499Z","DestAddress":"64.4.48.201","SeverityValue":2,"Version":1,"OpcodeValue":0,"SourceAddress":"10.0.0.4","Severity":"INFO","Channel":"Security","SourcePort":"49641","Protocol":"17","Direction":"%%14593","FilterRTID":"69750","LayerRTID":"48","RemoteUserID":"S-1-0-0","EventType":"AUDIT_SUCCESS","ProcessId":"3960","Hostname":"NEWYORK.dmevals.local","LayerName":"%%14611","ExecutionProcessID":4,"ProviderGuid":"{54849625-5478-4994-A5BA-3E3B0328C30D}"},
{"EventTime":"2020-05-01 22:55:25","port":60737,"Message":"Process accessed:\r\nRuleName: -\r\nUtcTime: 2020-05-02 02:55:25.645\r\nSourceProcessGUID: {6bbf237a-cafb-5eac-1000-000000000400}\r\nSourceProcessId: 900\r\nSourceThreadId: 504\r\nSourceImage: C:\\windows\\system32\\svchost.exe\r\nTargetProcessGUID: {6bbf237a-cb97-5eac-6202-000000000400}\r\nTargetProcessId: 2092\r\nTargetImage: C:\\windows\\System32\\svchost.exe\r\nGrantedAccess: 0x1000\r\nCallTrace: C:\\windows\\SYSTEM32\\ntdll.dll+9c584|C:\\windows\\SYSTEM32\\psmserviceexthost.dll+222a3|C:\\windows\\SYSTEM32\\psmserviceexthost.dll+1a172|C:\\windows\\SYSTEM32\\psmserviceexthost.dll+19e3b|C:\\windows\\SYSTEM32\\psmserviceexthost.dll+19318|C:\\windows\\SYSTEM32\\ntdll.dll+3089d|C:\\windows\\SYSTEM32\\ntdll.dll+34634|C:\\windows\\System32\\KERNEL32.DLL+17bd4|C:\\windows\\SYSTEM32\\ntdll.dll+6ced1","SourceThreadId":"504","EventID":10,"TargetProcessId":"2092","SourceModuleName":"eventlog","tags":["mordorDataset"],"@version":"1","SourceImage":"C:\\windows\\system32\\svchost.exe","SourceName":"Microsoft-Windows-Sysmon","AccountType":"User","TargetImage":"C:\\windows\\System32\\svchost.exe","host":"wec.internal.cloudapp.net","Task":10,"ThreadID":4396,"EventReceivedTime":"2020-05-01 22:55:27","CallTrace":"C:\\windows\\SYSTEM32\\ntdll.dll+9c584|C:\\windows\\SYSTEM32\\psmserviceexthost.dll+222a3|C:\\windows\\SYSTEM32\\psmserviceexthost.dll+1a172|C:\\windows\\SYSTEM32\\psmserviceexthost.dll+19e3b|C:\\windows\\SYSTEM32\\psmserviceexthost.dll+19318|C:\\windows\\SYSTEM32\\ntdll.dll+3089d|C:\\windows\\SYSTEM32\\ntdll.dll+34634|C:\\windows\\System32\\KERNEL32.DLL+17bd4|C:\\windows\\SYSTEM32\\ntdll.dll+6ced1","Domain":"NT AUTHORITY","UtcTime":"2020-05-02 02:55:25.645","Keywords":-9223372036854775808,"RecordNumber":138300,"SourceProcessId":"900","SourceModuleType":"im_msvistalog","@timestamp":"2020-05-02T02:55:27.500Z","SeverityValue":2,"Version":3,"OpcodeValue":0,"Severity":"INFO","Channel":"Microsoft-Windows-Sysmon/Operational","AccountName":"SYSTEM","GrantedAccess":"0x1000","SourceProcessGUID":"{6bbf237a-cafb-5eac-1000-000000000400}","EventType":"INFO","UserID":"S-1-5-18","TargetProcessGUID":"{6bbf237a-cb97-5eac-6202-000000000400}","ProcessId":"900","Hostname":"UTICA.dmevals.local","RuleName":"-","ExecutionProcessID":3496,"ProviderGuid":"{5770385F-C22A-43E0-BF4C-06F5698FFBD9}"},
{"EventTime":"2020-05-01 22:55:25","port":60737,"Message":"Process accessed:\r\nRuleName: -\r\nUtcTime: 2020-05-02 02:55:25.645\r\nSourceProcessGUID: {6bbf237a-cafb-5eac-1000-000000000400}\r\nSourceProcessId: 900\r\nSourceThreadId: 504\r\nSourceImage: C:\\windows\\system32\\svchost.exe\r\nTargetProcessGUID: {6bbf237a-cb97-5eac-6202-000000000400}\r\nTargetProcessId: 2092\r\nTargetImage: C:\\windows\\System32\\svchost.exe\r\nGrantedAccess: 0x1000\r\nCallTrace: C:\\windows\\SYSTEM32\\ntdll.dll+9c584|C:\\windows\\SYSTEM32\\psmserviceexthost.dll+222a3|C:\\windows\\SYSTEM32\\psmserviceexthost.dll+1a172|C:\\windows\\SYSTEM32\\psmserviceexthost.dll+19e3b|C:\\windows\\SYSTEM32\\psmserviceexthost.dll+19318|C:\\windows\\SYSTEM32\\ntdll.dll+3089d|C:\\windows\\SYSTEM32\\ntdll.dll+34634|C:\\windows\\System32\\KERNEL32.DLL+17bd4|C:\\windows\\SYSTEM32\\ntdll.dll+6ced1","SourceThreadId":"504","EventID":10,"TargetProcessId":"2092","SourceModuleName":"eventlog","tags":["mordorDataset"],"@version":"1","SourceImage":"C:\\windows\\system32\\svchost.exe","SourceName":"Microsoft-Windows-Sysmon","AccountType":"User","TargetImage":"C:\\windows\\System32\\svchost.exe","host":"wec.internal.cloudapp.net","Task":10,"ThreadID":4396,"EventReceivedTime":"2020-05-01 22:55:27","CallTrace":"C:\\windows\\SYSTEM32\\ntdll.dll+9c584|C:\\windows\\SYSTEM32\\psmserviceexthost.dll+222a3|C:\\windows\\SYSTEM32\\psmserviceexthost.dll+1a172|C:\\windows\\SYSTEM32\\psmserviceexthost.dll+19e3b|C:\\windows\\SYSTEM32\\psmserviceexthost.dll+19318|C:\\windows\\SYSTEM32\\ntdll.dll+3089d|C:\\windows\\SYSTEM32\\ntdll.dll+34634|C:\\windows\\System32\\KERNEL32.DLL+17bd4|C:\\windows\\SYSTEM32\\ntdll.dll+6ced1","Domain":"NT AUTHORITY","UtcTime":"2020-05-02 02:55:25.645","Keywords":-9223372036854775808,"RecordNumber":138301,"SourceProcessId":"900","SourceModuleType":"im_msvistalog","@timestamp":"2020-05-02T02:55:27.500Z","SeverityValue":2,"Version":3,"OpcodeValue":0,"Severity":"INFO","Channel":"Microsoft-Windows-Sysmon/Operational","AccountName":"SYSTEM","GrantedAccess":"0x1000","SourceProcessGUID":"{6bbf237a-cafb-5eac-1000-000000000400}","EventType":"INFO","UserID":"S-1-5-18","TargetProcessGUID":"{6bbf237a-cb97-5eac-6202-000000000400}","ProcessId":"900","Hostname":"UTICA.dmevals.local","RuleName":"-","ExecutionProcessID":3496,"ProviderGuid":"{5770385F-C22A-43E0-BF4C-06F5698FFBD9}"},
{"EventTime":"2020-05-01 22:55:25","port":60737,"Message":"Process accessed:\r\nRuleName: -\r\nUtcTime: 2020-05-02 02:55:25.645\r\nSourceProcessGUID: {6bbf237a-cafb-5eac-1000-000000000400}\r\nSourceProcessId: 900\r\nSourceThreadId: 972\r\nSourceImage: C:\\windows\\system32\\svchost.exe\r\nTargetProcessGUID: {6bbf237a-cb97-5eac-6202-000000000400}\r\nTargetProcessId: 2092\r\nTargetImage: C:\\windows\\System32\\svchost.exe\r\nGrantedAccess: 0x1000\r\nCallTrace: C:\\windows\\SYSTEM32\\ntdll.dll+9c584|C:\\windows\\SYSTEM32\\psmserviceexthost.dll+222a3|C:\\windows\\SYSTEM32\\psmserviceexthost.dll+1a172|C:\\windows\\SYSTEM32\\psmserviceexthost.dll+19e3b|C:\\windows\\SYSTEM32\\psmserviceexthost.dll+19318|C:\\windows\\SYSTEM32\\ntdll.dll+3089d|C:\\windows\\SYSTEM32\\ntdll.dll+34634|C:\\windows\\System32\\KERNEL32.DLL+17bd4|C:\\windows\\SYSTEM32\\ntdll.dll+6ced1","SourceThreadId":"972","EventID":10,"TargetProcessId":"2092","SourceModuleName":"eventlog","tags":["mordorDataset"],"@version":"1","SourceImage":"C:\\windows\\system32\\svchost.exe","SourceName":"Microsoft-Windows-Sysmon","AccountType":"User","TargetImage":"C:\\windows\\System32\\svchost.exe","host":"wec.internal.cloudapp.net","Task":10,"ThreadID":4396,"EventReceivedTime":"2020-05-01 22:55:27","CallTrace":"C:\\windows\\SYSTEM32\\ntdll.dll+9c584|C:\\windows\\SYSTEM32\\psmserviceexthost.dll+222a3|C:\\windows\\SYSTEM32\\psmserviceexthost.dll+1a172|C:\\windows\\SYSTEM32\\psmserviceexthost.dll+19e3b|C:\\windows\\SYSTEM32\\psmserviceexthost.dll+19318|C:\\windows\\SYSTEM32\\ntdll.dll+3089d|C:\\windows\\SYSTEM32\\ntdll.dll+34634|C:\\windows\\System32\\KERNEL32.DLL+17bd4|C:\\windows\\SYSTEM32\\ntdll.dll+6ced1","Domain":"NT AUTHORITY","UtcTime":"2020-05-02 02:55:25.645","Keywords":-9223372036854775808,"RecordNumber":138302,"SourceProcessId":"900","SourceModuleType":"im_msvistalog","@timestamp":"2020-05-02T02:55:27.501Z","SeverityValue":2,"Version":3,"OpcodeValue":0,"Severity":"INFO","Channel":"Microsoft-Windows-Sysmon/Operational","AccountName":"SYSTEM","GrantedAccess":"0x1000","SourceProcessGUID":"{6bbf237a-cafb-5eac-1000-000000000400}","EventType":"INFO","UserID":"S-1-5-18","TargetProcessGUID":"{6bbf237a-cb97-5eac-6202-000000000400}","ProcessId":"900","Hostname":"UTICA.dmevals.local","RuleName":"-","ExecutionProcessID":3496,"ProviderGuid":"{5770385F-C22A-43E0-BF4C-06F5698FFBD9}"},
{"EventTime":"2020-05-01 22:55:25","port":60737,"Message":"Process accessed:\r\nRuleName: -\r\nUtcTime: 2020-05-02 02:55:25.645\r\nSourceProcessGUID: {6bbf237a-cafb-5eac-1000-000000000400}\r\nSourceProcessId: 900\r\nSourceThreadId: 972\r\nSourceImage: C:\\windows\\system32\\svchost.exe\r\nTargetProcessGUID: {6bbf237a-cb97-5eac-6202-000000000400}\r\nTargetProcessId: 2092\r\nTargetImage: C:\\windows\\System32\\svchost.exe\r\nGrantedAccess: 0x1000\r\nCallTrace: C:\\windows\\SYSTEM32\\ntdll.dll+9c584|C:\\windows\\SYSTEM32\\psmserviceexthost.dll+222a3|C:\\windows\\SYSTEM32\\psmserviceexthost.dll+1a172|C:\\windows\\SYSTEM32\\psmserviceexthost.dll+19e3b|C:\\windows\\SYSTEM32\\psmserviceexthost.dll+19318|C:\\windows\\SYSTEM32\\ntdll.dll+3089d|C:\\windows\\SYSTEM32\\ntdll.dll+34634|C:\\windows\\System32\\KERNEL32.DLL+17bd4|C:\\windows\\SYSTEM32\\ntdll.dll+6ced1","SourceThreadId":"972","EventID":10,"TargetProcessId":"2092","SourceModuleName":"eventlog","tags":["mordorDataset"],"@version":"1","SourceImage":"C:\\windows\\system32\\svchost.exe","SourceName":"Microsoft-Windows-Sysmon","AccountType":"User","TargetImage":"C:\\windows\\System32\\svchost.exe","host":"wec.internal.cloudapp.net","Task":10,"ThreadID":4396,"EventReceivedTime":"2020-05-01 22:55:27","CallTrace":"C:\\windows\\SYSTEM32\\ntdll.dll+9c584|C:\\windows\\SYSTEM32\\psmserviceexthost.dll+222a3|C:\\windows\\SYSTEM32\\psmserviceexthost.dll+1a172|C:\\windows\\SYSTEM32\\psmserviceexthost.dll+19e3b|C:\\windows\\SYSTEM32\\psmserviceexthost.dll+19318|C:\\windows\\SYSTEM32\\ntdll.dll+3089d|C:\\windows\\SYSTEM32\\ntdll.dll+34634|C:\\windows\\System32\\KERNEL32.DLL+17bd4|C:\\windows\\SYSTEM32\\ntdll.dll+6ced1","Domain":"NT AUTHORITY","UtcTime":"2020-05-02 02:55:25.645","Keywords":-9223372036854775808,"RecordNumber":138303,"SourceProcessId":"900","SourceModuleType":"im_msvistalog","@timestamp":"2020-05-02T02:55:27.501Z","SeverityValue":2,"Version":3,"OpcodeValue":0,"Severity":"INFO","Channel":"Microsoft-Windows-Sysmon/Operational","AccountName":"SYSTEM","GrantedAccess":"0x1000","SourceProcessGUID":"{6bbf237a-cafb-5eac-1000-000000000400}","EventType":"INFO","UserID":"S-1-5-18","TargetProcessGUID":"{6bbf237a-cb97-5eac-6202-000000000400}","ProcessId":"900","Hostname":"UTICA.dmevals.local","RuleName":"-","ExecutionProcessID":3496,"ProviderGuid":"{5770385F-C22A-43E0-BF4C-06F5698FFBD9}"},
{"EventTime":"2020-05-01 22:55:26","port":60737,"Message":"Process accessed:\r\nRuleName: -\r\nUtcTime: 2020-05-02 02:55:26.216\r\nSourceProcessGUID: {5aa8ec29-cad8-5eac-1000-000000000400}\r\nSourceProcessId: 884\r\nSourceThreadId: 5792\r\nSourceImage: C:\\windows\\system32\\svchost.exe\r\nTargetProcessGUID: {5aa8ec29-cba2-5eac-6e02-000000000400}\r\nTargetProcessId: 2980\r\nTargetImage: C:\\windows\\System32\\svchost.exe\r\nGrantedAccess: 0x1000\r\nCallTrace: C:\\windows\\SYSTEM32\\ntdll.dll+9c584|C:\\windows\\SYSTEM32\\psmserviceexthost.dll+222a3|C:\\windows\\SYSTEM32\\psmserviceexthost.dll+1a172|C:\\windows\\SYSTEM32\\psmserviceexthost.dll+19e3b|C:\\windows\\SYSTEM32\\psmserviceexthost.dll+19318|C:\\windows\\SYSTEM32\\ntdll.dll+3089d|C:\\windows\\SYSTEM32\\ntdll.dll+34634|C:\\windows\\System32\\KERNEL32.DLL+17bd4|C:\\windows\\SYSTEM32\\ntdll.dll+6ced1","SourceThreadId":"5792","EventID":10,"TargetProcessId":"2980","SourceModuleName":"eventlog","tags":["mordorDataset"],"@version":"1","SourceImage":"C:\\windows\\system32\\svchost.exe","SourceName":"Microsoft-Windows-Sysmon","AccountType":"User","TargetImage":"C:\\windows\\System32\\svchost.exe","host":"wec.internal.cloudapp.net","Task":10,"ThreadID":4224,"EventReceivedTime":"2020-05-01 22:55:28","CallTrace":"C:\\windows\\SYSTEM32\\ntdll.dll+9c584|C:\\windows\\SYSTEM32\\psmserviceexthost.dll+222a3|C:\\windows\\SYSTEM32\\psmserviceexthost.dll+1a172|C:\\windows\\SYSTEM32\\psmserviceexthost.dll+19e3b|C:\\windows\\SYSTEM32\\psmserviceexthost.dll+19318|C:\\windows\\SYSTEM32\\ntdll.dll+3089d|C:\\windows\\SYSTEM32\\ntdll.dll+34634|C:\\windows\\System32\\KERNEL32.DLL+17bd4|C:\\windows\\SYSTEM32\\ntdll.dll+6ced1","Domain":"NT AUTHORITY","UtcTime":"2020-05-02 02:55:26.216","Keywords":-9223372036854775808,"RecordNumber":332556,"SourceProcessId":"884","SourceModuleType":"im_msvistalog","@timestamp":"2020-05-02T02:55:28.511Z","SeverityValue":2,"Version":3,"OpcodeValue":0,"Severity":"INFO","Channel":"Microsoft-Windows-Sysmon/Operational","AccountName":"SYSTEM","GrantedAccess":"0x1000","SourceProcessGUID":"{5aa8ec29-cad8-5eac-1000-000000000400}","EventType":"INFO","UserID":"S-1-5-18","TargetProcessGUID":"{5aa8ec29-cba2-5eac-6e02-000000000400}","ProcessId":"884","Hostname":"NASHUA.dmevals.local","RuleName":"-","ExecutionProcessID":3428,"ProviderGuid":"{5770385F-C22A-43E0-BF4C-06F5698FFBD9}"},
